<?xml version="1.0" encoding="utf-8"?>
<test-run id="2" testcasecount="122" result="Failed(Child)" total="122" passed="94" failed="28" inconclusive="0" skipped="0" asserts="0" engine-version="3.5.0.0" clr-version="4.0.30319.42000" start-time="2026-09-22 06:52:10Z" end-time="2026-09-22 06:52:10Z" duration="0.122843">
  <test-suite type="TestSuite" id="1150" name="FunGuy's" fullname="FunGuy's" runstate="Runnable" testcasecount="122" result="Failed" site="Child" start-time="2026-09-22 06:52:10Z" end-time="2026-09-22 06:52:10Z" duration="0.122843" total="122" passed="94" failed="28" inconclusive="0" skipped="0" asserts="0">
    <properties>
      <property name="platform" value="EditMode" />
    </properties>
    <failure>
      <message><![CDATA[One or more child tests had errors]]></message>
    </failure>
    <test-suite type="Assembly" id="1141" name="Game.EditModeTests.dll" fullname="C:/Users/naisi/Desktop/FunGuy/FunGuy's/Library/ScriptAssemblies/Game.EditModeTests.dll" runstate="Runnable" testcasecount="122" result="Failed" site="Child" start-time="2026-09-22 06:52:10Z" end-time="2026-09-22 06:52:10Z" duration="0.118522" total="122" passed="94" failed="28" inconclusive="0" skipped="0" asserts="0">
      <properties>
        <property name="_PID" value="4324" />
        <property name="_APPDOMAIN" value="Unity Child Domain" />
        <property name="platform" value="EditMode" />
        <property name="EditorOnly" value="True" />
      </properties>
      <failure>
        <message><![CDATA[One or more child tests had errors]]></message>
      </failure>
      <test-suite type="TestFixture" id="1001" name="BattleSessionTests" fullname="BattleSessionTests" classname="BattleSessionTests" runstate="Runnable" testcasecount="12" result="Passed" start-time="2026-09-22 06:52:10Z" end-time="2026-09-22 06:52:10Z" duration="0.007314" total="12" passed="12" failed="0" inconclusive="0" skipped="0" asserts="0">
        <properties />
        <test-case id="1009" name="AcceptedCommandLogReplaysSameEventsAndStateWithSameInputsAndSeed" fullname="BattleSessionTests.AcceptedCommandLogReplaysSameEventsAndStateWithSameInputsAndSeed" methodname="AcceptedCommandLogReplaysSameEventsAndStateWithSameInputsAndSeed" classname="BattleSessionTests" runstate="Runnable" seed="2102511510" result="Passed" start-time="2026-09-22 06:52:10Z" end-time="2026-09-22 06:52:10Z" duration="0.001403" asserts="0">
          <properties>
            <property name="retryIteration" value="0" />
            <property name="repeatIteration" value="0" />
          </properties>
        </test-case>
        <test-case id="1010" name="AutomaticSessionAndLegacyRunnerHaveIdenticalCombatResults" fullname="BattleSessionTests.AutomaticSessionAndLegacyRunnerHaveIdenticalCombatResults" methodname="AutomaticSessionAndLegacyRunnerHaveIdenticalCombatResults" classname="BattleSessionTests" runstate="Runnable" seed="560891692" result="Passed" start-time="2026-09-22 06:52:10Z" end-time="2026-09-22 06:52:10Z" duration="0.001054" asserts="0">
          <properties>
            <property name="retryIteration" value="0" />
            <property name="repeatIteration" value="0" />
          </properties>
        </test-case>
        <test-case id="1003" name="AutoToggleAndCancellationUseSameActionEligibilityAndEnemyRemainsAutomatic" fullname="BattleSessionTests.AutoToggleAndCancellationUseSameActionEligibilityAndEnemyRemainsAutomatic" methodname="AutoToggleAndCancellationUseSameActionEligibilityAndEnemyRemainsAutomatic" classname="BattleSessionTests" runstate="Runnable" seed="1142431363" result="Passed" start-time="2026-09-22 06:52:10Z" end-time="2026-09-22 06:52:10Z" duration="0.000191" asserts="0">
          <properties>
            <property name="retryIteration" value="0" />
            <property name="repeatIteration" value="0" />
          </properties>
        </test-case>
        <test-case id="1014" name="HealShieldAndStatusEventsContainExactImmutablePostChangeState" fullname="BattleSessionTests.HealShieldAndStatusEventsContainExactImmutablePostChangeState" methodname="HealShieldAndStatusEventsContainExactImmutablePostChangeState" classname="BattleSessionTests" runstate="Runnable" seed="1399487483" result="Passed" start-time="2026-09-22 06:52:10Z" end-time="2026-09-22 06:52:10Z" duration="0.000116" asserts="0">
          <properties>
            <property name="retryIteration" value="0" />
            <property name="repeatIteration" value="0" />
          </properties>
        </test-case>
        <test-case id="1008" name="HitEnergyIsPerDamagingEffectAndKillReplacesThatHitsDamageEnergy" fullname="BattleSessionTests.HitEnergyIsPerDamagingEffectAndKillReplacesThatHitsDamageEnergy" methodname="HitEnergyIsPerDamagingEffectAndKillReplacesThatHitsDamageEnergy" classname="BattleSessionTests" runstate="Runnable" seed="947513929" result="Passed" start-time="2026-09-22 06:52:10Z" end-time="2026-09-22 06:52:10Z" duration="0.000122" asserts="0">
          <properties>
            <property name="retryIteration" value="0" />
            <property name="repeatIteration" value="0" />
          </properties>
        </test-case>
        <test-case id="1006" name="InstanceIdsDistinguishRepeatedEnemiesAndPreservePlayerAcrossWaves" fullname="BattleSessionTests.InstanceIdsDistinguishRepeatedEnemiesAndPreservePlayerAcrossWaves" methodname="InstanceIdsDistinguishRepeatedEnemiesAndPreservePlayerAcrossWaves" classname="BattleSessionTests" runstate="Runnable" seed="635470708" result="Passed" start-time="2026-09-22 06:52:10Z" end-time="2026-09-22 06:52:10Z" duration="0.000104" asserts="0">
          <properties>
            <property name="retryIteration" value="0" />
            <property name="repeatIteration" value="0" />
          </properties>
        </test-case>
        <test-case id="1002" name="ManualSignatureWaitsThroughSilenceCooldownAndCostsEnergyOnlyWhenCast" fullname="BattleSessionTests.ManualSignatureWaitsThroughSilenceCooldownAndCostsEnergyOnlyWhenCast" methodname="ManualSignatureWaitsThroughSilenceCooldownAndCostsEnergyOnlyWhenCast" classname="BattleSessionTests" runstate="Runnable" seed="778145732" result="Passed" start-time="2026-09-22 06:52:10Z" end-time="2026-09-22 06:52:10Z" duration="0.000154" asserts="0">
          <properties>
            <property name="retryIteration" value="0" />
            <property name="repeatIteration" value="0" />
          </properties>
        </test-case>
        <test-case id="1005" name="ReflectionDoubleKnockoutAndLethalStatusEmitDeathsWithoutExtraActions" fullname="BattleSessionTests.ReflectionDoubleKnockoutAndLethalStatusEmitDeathsWithoutExtraActions" methodname="ReflectionDoubleKnockoutAndLethalStatusEmitDeathsWithoutExtraActions" classname="BattleSessionTests" runstate="Runnable" seed="1170384747" result="Passed" start-time="2026-09-22 06:52:10Z" end-time="2026-09-22 06:52:10Z" duration="0.000153" asserts="0">
          <properties>
            <property name="retryIteration" value="0" />
            <property name="repeatIteration" value="0" />
          </properties>
        </test-case>
        <test-case id="1007" name="SessionSnapshotsUnitsSkillsAndEarlierEventsAndResetsGaugeToSheetRule" fullname="BattleSessionTests.SessionSnapshotsUnitsSkillsAndEarlierEventsAndResetsGaugeToSheetRule" methodname="SessionSnapshotsUnitsSkillsAndEarlierEventsAndResetsGaugeToSheetRule" classname="BattleSessionTests" runstate="Runnable" seed="1097090861" result="Passed" start-time="2026-09-22 06:52:10Z" end-time="2026-09-22 06:52:10Z" duration="0.000113" asserts="0">
          <properties>
            <property name="retryIteration" value="0" />
            <property name="repeatIteration" value="0" />
          </properties>
        </test-case>
        <test-suite type="ParameterizedMethod" id="1013" name="SkippedActionStillTicksCooldownEnergyAndDurationWhileKeepingQueuedSkill" fullname="BattleSessionTests.SkippedActionStillTicksCooldownEnergyAndDurationWhileKeepingQueuedSkill" classname="BattleSessionTests" runstate="Runnable" testcasecount="2" result="Passed" start-time="2026-09-22 06:52:10Z" end-time="2026-09-22 06:52:10Z" duration="0.002232" total="2" passed="2" failed="0" inconclusive="0" skipped="0" asserts="0">
          <properties />
          <test-case id="1011" name="SkippedActionStillTicksCooldownEnergyAndDurationWhileKeepingQueuedSkill(&quot;Stun&quot;)" fullname="BattleSessionTests.SkippedActionStillTicksCooldownEnergyAndDurationWhileKeepingQueuedSkill(&quot;Stun&quot;)" methodname="SkippedActionStillTicksCooldownEnergyAndDurationWhileKeepingQueuedSkill" classname="BattleSessionTests" runstate="Runnable" seed="1228932744" result="Passed" start-time="2026-09-22 06:52:10Z" end-time="2026-09-22 06:52:10Z" duration="0.000156" asserts="0">
            <properties>
              <property name="retryIteration" value="0" />
              <property name="repeatIteration" value="0" />
            </properties>
          </test-case>
          <test-case id="1012" name="SkippedActionStillTicksCooldownEnergyAndDurationWhileKeepingQueuedSkill(&quot;Freeze&quot;)" fullname="BattleSessionTests.SkippedActionStillTicksCooldownEnergyAndDurationWhileKeepingQueuedSkill(&quot;Freeze&quot;)" methodname="SkippedActionStillTicksCooldownEnergyAndDurationWhileKeepingQueuedSkill" classname="BattleSessionTests" runstate="Runnable" seed="877466004" result="Passed" start-time="2026-09-22 06:52:10Z" end-time="2026-09-22 06:52:10Z" duration="0.000112" asserts="0">
            <properties>
              <property name="retryIteration" value="0" />
              <property name="repeatIteration" value="0" />
            </properties>
          </test-case>
        </test-suite>
        <test-case id="1004" name="TerminalOutcomesAreDistinctAndFurtherCommandsAndStepsAreNoOps" fullname="BattleSessionTests.TerminalOutcomesAreDistinctAndFurtherCommandsAndStepsAreNoOps" methodname="TerminalOutcomesAreDistinctAndFurtherCommandsAndStepsAreNoOps" classname="BattleSessionTests" runstate="Runnable" seed="1210714358" result="Passed" start-time="2026-09-22 06:52:10Z" end-time="2026-09-22 06:52:10Z" duration="0.000210" asserts="0">
          <properties>
            <property name="retryIteration" value="0" />
            <property name="repeatIteration" value="0" />
          </properties>
        </test-case>
      </test-suite>
      <test-suite type="TestFixture" id="1015" name="BattleSimTests" fullname="BattleSimTests" classname="BattleSimTests" runstate="Runnable" testcasecount="2" result="Passed" start-time="2026-09-22 06:52:10Z" end-time="2026-09-22 06:52:10Z" duration="0.003670" total="2" passed="2" failed="0" inconclusive="0" skipped="0" asserts="0">
        <properties />
        <test-case id="1016" name="Battle_IsDeterministic_WithSameSeedAndInputs" fullname="BattleSimTests.Battle_IsDeterministic_WithSameSeedAndInputs" methodname="Battle_IsDeterministic_WithSameSeedAndInputs" classname="BattleSimTests" runstate="Runnable" seed="1225309022" result="Passed" start-time="2026-09-22 06:52:10Z" end-time="2026-09-22 06:52:10Z" duration="0.001569" asserts="0">
          <properties>
            <property name="retryIteration" value="0" />
            <property name="repeatIteration" value="0" />
          </properties>
        </test-case>
        <test-case id="1017" name="BiomeAdvantage_AppliesExpectedDamageMultiplier" fullname="BattleSimTests.BiomeAdvantage_AppliesExpectedDamageMultiplier" methodname="BiomeAdvantage_AppliesExpectedDamageMultiplier" classname="BattleSimTests" runstate="Runnable" seed="1562843201" result="Passed" start-time="2026-09-22 06:52:10Z" end-time="2026-09-22 06:52:10Z" duration="0.000135" asserts="0">
          <properties>
            <property name="retryIteration" value="0" />
            <property name="repeatIteration" value="0" />
          </properties>
        </test-case>
      </test-suite>
      <test-suite type="TestFixture" id="1018" name="CampaignSessionTests" fullname="CampaignSessionTests" classname="CampaignSessionTests" runstate="Runnable" testcasecount="4" result="Failed" site="Child" start-time="2026-09-22 06:52:10Z" end-time="2026-09-22 06:52:10Z" duration="0.016991" total="4" passed="0" failed="4" inconclusive="0" skipped="0" asserts="0">
        <properties />
        <failure>
          <message><![CDATA[One or more child tests had errors]]></message>
        </failure>
        <test-case id="1020" name="CompletionMergesFreshSaveAndCompetingFirstClearsAwardOnce" fullname="CampaignSessionTests.CompletionMergesFreshSaveAndCompetingFirstClearsAwardOnce" methodname="CompletionMergesFreshSaveAndCompetingFirstClearsAwardOnce" classname="CampaignSessionTests" runstate="Runnable" seed="793320947" result="Failed" label="Error" start-time="2026-09-22 06:52:10Z" end-time="2026-09-22 06:52:10Z" duration="0.013420" asserts="0">
          <properties>
            <property name="retryIteration" value="0" />
            <property name="repeatIteration" value="0" />
          </properties>
          <failure>
            <message><![CDATA[System.InvalidOperationException : Invalid game content: Stage s_1_1: missing waves.]]></message>
            <stack-trace><![CDATA[  at GameDataValidator.Require (System.Boolean condition, System.String message) [0x00014] in C:\Users\naisi\Desktop\FunGuy\FunGuy's\Assets\_Game\Scripts\Data\GameDataValidator.cs:188 
  at GameDataValidator.Validate (CharactersFile characters, SkillsFile skills, StagesFile stages, BannersFile banners, StatRulesCatalog statRules) [0x006d1] in C:\Users\naisi\Desktop\FunGuy\FunGuy's\Assets\_Game\Scripts\Data\GameDataValidator.cs:63 
  at UnityContentCatalogLoader.LoadInto (GameData data, ContentCatalogAsset asset) [0x00048] in C:\Users\naisi\Desktop\FunGuy\FunGuy's\Assets\_Game\Scripts\Data\UnityContentCatalogLoader.cs:26 
  at GameData.LoadAll () [0x00009] in C:\Users\naisi\Desktop\FunGuy\FunGuy's\Assets\_Game\Scripts\Data\GameData.cs:17 
  at CampaignSessionTests.Setup () [0x00006] in C:\Users\naisi\Desktop\FunGuy\FunGuy's\Assets\_Game\Tests\EditMode\CampaignSessionTests.cs:19 
  at CampaignSessionTests.CompletionMergesFreshSaveAndCompetingFirstClearsAwardOnce () [0x00000] in C:\Users\naisi\Desktop\FunGuy\FunGuy's\Assets\_Game\Tests\EditMode\CampaignSessionTests.cs:56 
  at (wrapper managed-to-native) System.Reflection.RuntimeMethodInfo.InternalInvoke(System.Reflection.RuntimeMethodInfo,object,object[],System.Exception&)
  at System.Reflection.RuntimeMethodInfo.Invoke (System.Object obj, System.Reflection.BindingFlags invokeAttr, System.Reflection.Binder binder, System.Object[] parameters, System.Globalization.CultureInfo culture) [0x0006a] in <1eb9db207454431c84a47bcd81e79c37>:0 ]]></stack-trace>
          </failure>
        </test-case>
        <test-case id="1021" name="FrozenContentAndRewardPayloadSurviveCatalogEditsAndFailedWriteRetry" fullname="CampaignSessionTests.FrozenContentAndRewardPayloadSurviveCatalogEditsAndFailedWriteRetry" methodname="FrozenContentAndRewardPayloadSurviveCatalogEditsAndFailedWriteRetry" classname="CampaignSessionTests" runstate="Runnable" seed="1012568685" result="Failed" label="Error" start-time="2026-09-22 06:52:10Z" end-time="2026-09-22 06:52:10Z" duration="0.000431" asserts="0">
          <properties>
            <property name="retryIteration" value="0" />
            <property name="repeatIteration" value="0" />
          </properties>
          <failure>
            <message><![CDATA[System.InvalidOperationException : Invalid game content: Stage s_1_1: missing waves.]]></message>
            <stack-trace><![CDATA[  at GameDataValidator.Require (System.Boolean condition, System.String message) [0x00014] in C:\Users\naisi\Desktop\FunGuy\FunGuy's\Assets\_Game\Scripts\Data\GameDataValidator.cs:188 
  at GameDataValidator.Validate (CharactersFile characters, SkillsFile skills, StagesFile stages, BannersFile banners, StatRulesCatalog statRules) [0x006d1] in C:\Users\naisi\Desktop\FunGuy\FunGuy's\Assets\_Game\Scripts\Data\GameDataValidator.cs:63 
  at UnityContentCatalogLoader.LoadInto (GameData data, ContentCatalogAsset asset) [0x00048] in C:\Users\naisi\Desktop\FunGuy\FunGuy's\Assets\_Game\Scripts\Data\UnityContentCatalogLoader.cs:26 
  at GameData.LoadAll () [0x00009] in C:\Users\naisi\Desktop\FunGuy\FunGuy's\Assets\_Game\Scripts\Data\GameData.cs:17 
  at CampaignSessionTests.Setup () [0x00006] in C:\Users\naisi\Desktop\FunGuy\FunGuy's\Assets\_Game\Tests\EditMode\CampaignSessionTests.cs:19 
  at CampaignSessionTests.FrozenContentAndRewardPayloadSurviveCatalogEditsAndFailedWriteRetry () [0x00005] in C:\Users\naisi\Desktop\FunGuy\FunGuy's\Assets\_Game\Tests\EditMode\CampaignSessionTests.cs:70 
  at (wrapper managed-to-native) System.Reflection.RuntimeMethodInfo.InternalInvoke(System.Reflection.RuntimeMethodInfo,object,object[],System.Exception&)
  at System.Reflection.RuntimeMethodInfo.Invoke (System.Object obj, System.Reflection.BindingFlags invokeAttr, System.Reflection.Binder binder, System.Object[] parameters, System.Globalization.CultureInfo culture) [0x0006a] in <1eb9db207454431c84a47bcd81e79c37>:0 ]]></stack-trace>
          </failure>
        </test-case>
        <test-case id="1019" name="InteractiveWavesCarryStateAutoAndIdentityWithoutEarlyRewards" fullname="CampaignSessionTests.InteractiveWavesCarryStateAutoAndIdentityWithoutEarlyRewards" methodname="InteractiveWavesCarryStateAutoAndIdentityWithoutEarlyRewards" classname="CampaignSessionTests" runstate="Runnable" seed="1397041942" result="Failed" label="Error" start-time="2026-09-22 06:52:10Z" end-time="2026-09-22 06:52:10Z" duration="0.000351" asserts="0">
          <properties>
            <property name="retryIteration" value="0" />
            <property name="repeatIteration" value="0" />
          </properties>
          <failure>
            <message><![CDATA[System.InvalidOperationException : Invalid game content: Stage s_1_1: missing waves.]]></message>
            <stack-trace><![CDATA[  at GameDataValidator.Require (System.Boolean condition, System.String message) [0x00014] in C:\Users\naisi\Desktop\FunGuy\FunGuy's\Assets\_Game\Scripts\Data\GameDataValidator.cs:188 
  at GameDataValidator.Validate (CharactersFile characters, SkillsFile skills, StagesFile stages, BannersFile banners, StatRulesCatalog statRules) [0x006d1] in C:\Users\naisi\Desktop\FunGuy\FunGuy's\Assets\_Game\Scripts\Data\GameDataValidator.cs:63 
  at UnityContentCatalogLoader.LoadInto (GameData data, ContentCatalogAsset asset) [0x00048] in C:\Users\naisi\Desktop\FunGuy\FunGuy's\Assets\_Game\Scripts\Data\UnityContentCatalogLoader.cs:26 
  at GameData.LoadAll () [0x00009] in C:\Users\naisi\Desktop\FunGuy\FunGuy's\Assets\_Game\Scripts\Data\GameData.cs:17 
  at CampaignSessionTests.Setup () [0x00006] in C:\Users\naisi\Desktop\FunGuy\FunGuy's\Assets\_Game\Tests\EditMode\CampaignSessionTests.cs:19 
  at CampaignSessionTests.InteractiveWavesCarryStateAutoAndIdentityWithoutEarlyRewards () [0x00006] in C:\Users\naisi\Desktop\FunGuy\FunGuy's\Assets\_Game\Tests\EditMode\CampaignSessionTests.cs:30 
  at (wrapper managed-to-native) System.Reflection.RuntimeMethodInfo.InternalInvoke(System.Reflection.RuntimeMethodInfo,object,object[],System.Exception&)
  at System.Reflection.RuntimeMethodInfo.Invoke (System.Object obj, System.Reflection.BindingFlags invokeAttr, System.Reflection.Binder binder, System.Object[] parameters, System.Globalization.CultureInfo culture) [0x0006a] in <1eb9db207454431c84a47bcd81e79c37>:0 ]]></stack-trace>
          </failure>
        </test-case>
        <test-case id="1022" name="TimeoutCancellationAndIncompleteWavesCannotClaim" fullname="CampaignSessionTests.TimeoutCancellationAndIncompleteWavesCannotClaim" methodname="TimeoutCancellationAndIncompleteWavesCannotClaim" classname="CampaignSessionTests" runstate="Runnable" seed="2063326995" result="Failed" label="Error" start-time="2026-09-22 06:52:10Z" end-time="2026-09-22 06:52:10Z" duration="0.000357" asserts="0">
          <properties>
            <property name="retryIteration" value="0" />
            <property name="repeatIteration" value="0" />
          </properties>
          <failure>
            <message><![CDATA[System.InvalidOperationException : Invalid game content: Stage s_1_1: missing waves.]]></message>
            <stack-trace><![CDATA[  at GameDataValidator.Require (System.Boolean condition, System.String message) [0x00014] in C:\Users\naisi\Desktop\FunGuy\FunGuy's\Assets\_Game\Scripts\Data\GameDataValidator.cs:188 
  at GameDataValidator.Validate (CharactersFile characters, SkillsFile skills, StagesFile stages, BannersFile banners, StatRulesCatalog statRules) [0x006d1] in C:\Users\naisi\Desktop\FunGuy\FunGuy's\Assets\_Game\Scripts\Data\GameDataValidator.cs:63 
  at UnityContentCatalogLoader.LoadInto (GameData data, ContentCatalogAsset asset) [0x00048] in C:\Users\naisi\Desktop\FunGuy\FunGuy's\Assets\_Game\Scripts\Data\UnityContentCatalogLoader.cs:26 
  at GameData.LoadAll () [0x00009] in C:\Users\naisi\Desktop\FunGuy\FunGuy's\Assets\_Game\Scripts\Data\GameData.cs:17 
  at CampaignSessionTests.Setup () [0x00006] in C:\Users\naisi\Desktop\FunGuy\FunGuy's\Assets\_Game\Tests\EditMode\CampaignSessionTests.cs:19 
  at CampaignSessionTests.TimeoutCancellationAndIncompleteWavesCannotClaim () [0x00005] in C:\Users\naisi\Desktop\FunGuy\FunGuy's\Assets\_Game\Tests\EditMode\CampaignSessionTests.cs:84 
  at (wrapper managed-to-native) System.Reflection.RuntimeMethodInfo.InternalInvoke(System.Reflection.RuntimeMethodInfo,object,object[],System.Exception&)
  at System.Reflection.RuntimeMethodInfo.Invoke (System.Object obj, System.Reflection.BindingFlags invokeAttr, System.Reflection.Binder binder, System.Object[] parameters, System.Globalization.CultureInfo culture) [0x0006a] in <1eb9db207454431c84a47bcd81e79c37>:0 ]]></stack-trace>
          </failure>
        </test-case>
      </test-suite>
      <test-suite type="TestFixture" id="1023" name="CanonicalStatRulesTests" fullname="CanonicalStatRulesTests" classname="CanonicalStatRulesTests" runstate="Runnable" testcasecount="30" result="Failed" site="Child" start-time="2026-09-22 06:52:10Z" end-time="2026-09-22 06:52:10Z" duration="0.033369" total="30" passed="29" failed="1" inconclusive="0" skipped="0" asserts="0">
        <properties />
        <failure>
          <message><![CDATA[One or more child tests had errors]]></message>
        </failure>
        <test-case id="1045" name="Biomes_AllThirtySixMatchupsUseDirectedAdvantageAndExplicitNeutrality" fullname="CanonicalStatRulesTests.Biomes_AllThirtySixMatchupsUseDirectedAdvantageAndExplicitNeutrality" methodname="Biomes_AllThirtySixMatchupsUseDirectedAdvantageAndExplicitNeutrality" classname="CanonicalStatRulesTests" runstate="Runnable" seed="1641571109" result="Passed" start-time="2026-09-22 06:52:10Z" end-time="2026-09-22 06:52:10Z" duration="0.000204" asserts="0">
          <properties>
            <property name="retryIteration" value="0" />
            <property name="repeatIteration" value="0" />
          </properties>
        </test-case>
        <test-case id="1055" name="CanonicalContent_RejectsDuplicateStatsAndLegacyBiomeAliases" fullname="CanonicalStatRulesTests.CanonicalContent_RejectsDuplicateStatsAndLegacyBiomeAliases" methodname="CanonicalContent_RejectsDuplicateStatsAndLegacyBiomeAliases" classname="CanonicalStatRulesTests" runstate="Runnable" seed="792306888" result="Passed" start-time="2026-09-22 06:52:10Z" end-time="2026-09-22 06:52:10Z" duration="0.013640" asserts="0">
          <properties>
            <property name="retryIteration" value="0" />
            <property name="repeatIteration" value="0" />
          </properties>
        </test-case>
        <test-case id="1054" name="CanonicalProfile_IsUsedByFactoryAndCampaignWithOwnedEvolution" fullname="CanonicalStatRulesTests.CanonicalProfile_IsUsedByFactoryAndCampaignWithOwnedEvolution" methodname="CanonicalProfile_IsUsedByFactoryAndCampaignWithOwnedEvolution" classname="CanonicalStatRulesTests" runstate="Runnable" seed="1074690086" result="Failed" label="Error" start-time="2026-09-22 06:52:10Z" end-time="2026-09-22 06:52:10Z" duration="0.000461" asserts="0">
          <properties>
            <property name="retryIteration" value="0" />
            <property name="repeatIteration" value="0" />
          </properties>
          <failure>
            <message><![CDATA[System.InvalidOperationException : Invalid game content: Stage s_1_1: missing waves.]]></message>
            <stack-trace><![CDATA[  at GameDataValidator.Require (System.Boolean condition, System.String message) [0x00014] in C:\Users\naisi\Desktop\FunGuy\FunGuy's\Assets\_Game\Scripts\Data\GameDataValidator.cs:188 
  at GameDataValidator.Validate (CharactersFile characters, SkillsFile skills, StagesFile stages, BannersFile banners, StatRulesCatalog statRules) [0x006d1] in C:\Users\naisi\Desktop\FunGuy\FunGuy's\Assets\_Game\Scripts\Data\GameDataValidator.cs:63 
  at UnityContentCatalogLoader.LoadInto (GameData data, ContentCatalogAsset asset) [0x00048] in C:\Users\naisi\Desktop\FunGuy\FunGuy's\Assets\_Game\Scripts\Data\UnityContentCatalogLoader.cs:26 
  at GameData.LoadAll () [0x00009] in C:\Users\naisi\Desktop\FunGuy\FunGuy's\Assets\_Game\Scripts\Data\GameData.cs:17 
  at CanonicalStatRulesTests.CanonicalProfile_IsUsedByFactoryAndCampaignWithOwnedEvolution () [0x0000c] in C:\Users\naisi\Desktop\FunGuy\FunGuy's\Assets\_Game\Tests\EditMode\CanonicalStatRulesTests.cs:123 
  at (wrapper managed-to-native) System.Reflection.RuntimeMethodInfo.InternalInvoke(System.Reflection.RuntimeMethodInfo,object,object[],System.Exception&)
  at System.Reflection.RuntimeMethodInfo.Invoke (System.Object obj, System.Reflection.BindingFlags invokeAttr, System.Reflection.Binder binder, System.Object[] parameters, System.Globalization.CultureInfo culture) [0x0006a] in <1eb9db207454431c84a47bcd81e79c37>:0 ]]></stack-trace>
          </failure>
        </test-case>
        <test-case id="1053" name="Catalog_RejectsInconsistentDataAndDefensivelyCopiesItsInputs" fullname="CanonicalStatRulesTests.Catalog_RejectsInconsistentDataAndDefensivelyCopiesItsInputs" methodname="Catalog_RejectsInconsistentDataAndDefensivelyCopiesItsInputs" classname="CanonicalStatRulesTests" runstate="Runnable" seed="294347920" result="Passed" start-time="2026-09-22 06:52:10Z" end-time="2026-09-22 06:52:10Z" duration="0.000457" asserts="0">
          <properties>
            <property name="retryIteration" value="0" />
            <property name="repeatIteration" value="0" />
          </properties>
        </test-case>
        <test-suite type="ParameterizedMethod" id="1042" name="ClassReferences_MatchWorkedExamples" fullname="CanonicalStatRulesTests.ClassReferences_MatchWorkedExamples" classname="CanonicalStatRulesTests" runstate="Runnable" testcasecount="18" result="Passed" start-time="2026-09-22 06:52:10Z" end-time="2026-09-22 06:52:10Z" duration="0.007418" total="18" passed="18" failed="0" inconclusive="0" skipped="0" asserts="0">
          <properties />
          <test-case id="1024" name="ClassReferences_MatchWorkedExamples(&quot;Tank&quot;,1,1,150,90,150,105,120)" fullname="CanonicalStatRulesTests.ClassReferences_MatchWorkedExamples(&quot;Tank&quot;,1,1,150,90,150,105,120)" methodname="ClassReferences_MatchWorkedExamples" classname="CanonicalStatRulesTests" runstate="Runnable" seed="904127478" result="Passed" start-time="2026-09-22 06:52:10Z" end-time="2026-09-22 06:52:10Z" duration="0.000197" asserts="0">
            <properties>
              <property name="retryIteration" value="0" />
              <property name="repeatIteration" value="0" />
            </properties>
          </test-case>
          <test-case id="1025" name="ClassReferences_MatchWorkedExamples(&quot;Tank&quot;,20,1,1385,185,378,105,215)" fullname="CanonicalStatRulesTests.ClassReferences_MatchWorkedExamples(&quot;Tank&quot;,20,1,1385,185,378,105,215)" methodname="ClassReferences_MatchWorkedExamples" classname="CanonicalStatRulesTests" runstate="Runnable" seed="2137140236" result="Passed" start-time="2026-09-22 06:52:10Z" end-time="2026-09-22 06:52:10Z" duration="0.000142" asserts="0">
            <properties>
              <property name="retryIteration" value="0" />
              <property name="repeatIteration" value="0" />
            </properties>
          </test-case>
          <test-case id="1026" name="ClassReferences_MatchWorkedExamples(&quot;Tank&quot;,100,1,6585,585,1338,105,615)" fullname="CanonicalStatRulesTests.ClassReferences_MatchWorkedExamples(&quot;Tank&quot;,100,1,6585,585,1338,105,615)" methodname="ClassReferences_MatchWorkedExamples" classname="CanonicalStatRulesTests" runstate="Runnable" seed="1317722261" result="Passed" start-time="2026-09-22 06:52:10Z" end-time="2026-09-22 06:52:10Z" duration="0.000122" asserts="0">
            <properties>
              <property name="retryIteration" value="0" />
              <property name="repeatIteration" value="0" />
            </properties>
          </test-case>
          <test-case id="1027" name="ClassReferences_MatchWorkedExamples(&quot;Tank&quot;,200,6,45798,3798,8883,180,3902)" fullname="CanonicalStatRulesTests.ClassReferences_MatchWorkedExamples(&quot;Tank&quot;,200,6,45798,3798,8883,180,3902)" methodname="ClassReferences_MatchWorkedExamples" classname="CanonicalStatRulesTests" runstate="Runnable" seed="346425005" result="Passed" start-time="2026-09-22 06:52:10Z" end-time="2026-09-22 06:52:10Z" duration="0.000133" asserts="0">
            <properties>
              <property name="retryIteration" value="0" />
              <property name="repeatIteration" value="0" />
            </properties>
          </test-case>
          <test-case id="1028" name="ClassReferences_MatchWorkedExamples(&quot;DPS&quot;,1,1,90,180,90,165,90)" fullname="CanonicalStatRulesTests.ClassReferences_MatchWorkedExamples(&quot;DPS&quot;,1,1,90,180,90,165,90)" methodname="ClassReferences_MatchWorkedExamples" classname="CanonicalStatRulesTests" runstate="Runnable" seed="1317600250" result="Passed" start-time="2026-09-22 06:52:10Z" end-time="2026-09-22 06:52:10Z" duration="0.000118" asserts="0">
            <properties>
              <property name="retryIteration" value="0" />
              <property name="repeatIteration" value="0" />
            </properties>
          </test-case>
          <test-case id="1029" name="ClassReferences_MatchWorkedExamples(&quot;DPS&quot;,20,1,565,408,185,165,185)" fullname="CanonicalStatRulesTests.ClassReferences_MatchWorkedExamples(&quot;DPS&quot;,20,1,565,408,185,165,185)" methodname="ClassReferences_MatchWorkedExamples" classname="CanonicalStatRulesTests" runstate="Runnable" seed="2124281665" result="Passed" start-time="2026-09-22 06:52:10Z" end-time="2026-09-22 06:52:10Z" duration="0.000110" asserts="0">
            <properties>
              <property name="retryIteration" value="0" />
              <property name="repeatIteration" value="0" />
            </properties>
          </test-case>
          <test-case id="1030" name="ClassReferences_MatchWorkedExamples(&quot;DPS&quot;,100,1,2565,1368,585,165,585)" fullname="CanonicalStatRulesTests.ClassReferences_MatchWorkedExamples(&quot;DPS&quot;,100,1,2565,1368,585,165,585)" methodname="ClassReferences_MatchWorkedExamples" classname="CanonicalStatRulesTests" runstate="Runnable" seed="532777374" result="Passed" start-time="2026-09-22 06:52:10Z" end-time="2026-09-22 06:52:10Z" duration="0.000111" asserts="0">
            <properties>
              <property name="retryIteration" value="0" />
              <property name="repeatIteration" value="0" />
            </properties>
          </test-case>
          <test-case id="1031" name="ClassReferences_MatchWorkedExamples(&quot;DPS&quot;,200,6,17728,8988,3798,240,3798)" fullname="CanonicalStatRulesTests.ClassReferences_MatchWorkedExamples(&quot;DPS&quot;,200,6,17728,8988,3798,240,3798)" methodname="ClassReferences_MatchWorkedExamples" classname="CanonicalStatRulesTests" runstate="Runnable" seed="1766434231" result="Passed" start-time="2026-09-22 06:52:10Z" end-time="2026-09-22 06:52:10Z" duration="0.000112" asserts="0">
            <properties>
              <property name="retryIteration" value="0" />
              <property name="repeatIteration" value="0" />
            </properties>
          </test-case>
          <test-case id="1032" name="ClassReferences_MatchWorkedExamples(&quot;Support&quot;,1,1,120,80,120,135,160)" fullname="CanonicalStatRulesTests.ClassReferences_MatchWorkedExamples(&quot;Support&quot;,1,1,120,80,120,135,160)" methodname="ClassReferences_MatchWorkedExamples" classname="CanonicalStatRulesTests" runstate="Runnable" seed="2146789268" result="Passed" start-time="2026-09-22 06:52:10Z" end-time="2026-09-22 06:52:10Z" duration="0.000113" asserts="0">
            <properties>
              <property name="retryIteration" value="0" />
              <property name="repeatIteration" value="0" />
            </properties>
          </test-case>
          <test-case id="1033" name="ClassReferences_MatchWorkedExamples(&quot;Support&quot;,20,1,690,175,215,135,388)" fullname="CanonicalStatRulesTests.ClassReferences_MatchWorkedExamples(&quot;Support&quot;,20,1,690,175,215,135,388)" methodname="ClassReferences_MatchWorkedExamples" classname="CanonicalStatRulesTests" runstate="Runnable" seed="1740166995" result="Passed" start-time="2026-09-22 06:52:10Z" end-time="2026-09-22 06:52:10Z" duration="0.000113" asserts="0">
            <properties>
              <property name="retryIteration" value="0" />
              <property name="repeatIteration" value="0" />
            </properties>
          </test-case>
          <test-case id="1034" name="ClassReferences_MatchWorkedExamples(&quot;Support&quot;,100,1,3090,575,615,135,1348)" fullname="CanonicalStatRulesTests.ClassReferences_MatchWorkedExamples(&quot;Support&quot;,100,1,3090,575,615,135,1348)" methodname="ClassReferences_MatchWorkedExamples" classname="CanonicalStatRulesTests" runstate="Runnable" seed="1437461411" result="Passed" start-time="2026-09-22 06:52:10Z" end-time="2026-09-22 06:52:10Z" duration="0.000118" asserts="0">
            <properties>
              <property name="retryIteration" value="0" />
              <property name="repeatIteration" value="0" />
            </properties>
          </test-case>
          <test-case id="1035" name="ClassReferences_MatchWorkedExamples(&quot;Support&quot;,200,6,21315,3762,3902,210,8918)" fullname="CanonicalStatRulesTests.ClassReferences_MatchWorkedExamples(&quot;Support&quot;,200,6,21315,3762,3902,210,8918)" methodname="ClassReferences_MatchWorkedExamples" classname="CanonicalStatRulesTests" runstate="Runnable" seed="1784345913" result="Passed" start-time="2026-09-22 06:52:10Z" end-time="2026-09-22 06:52:10Z" duration="0.000115" asserts="0">
            <properties>
              <property name="retryIteration" value="0" />
              <property name="repeatIteration" value="0" />
            </properties>
          </test-case>
          <test-case id="1036" name="ClassReferences_MatchWorkedExamples(&quot;Assassin&quot;,1,1,80,160,80,195,100)" fullname="CanonicalStatRulesTests.ClassReferences_MatchWorkedExamples(&quot;Assassin&quot;,1,1,80,160,80,195,100)" methodname="ClassReferences_MatchWorkedExamples" classname="CanonicalStatRulesTests" runstate="Runnable" seed="1162033555" result="Passed" start-time="2026-09-22 06:52:10Z" end-time="2026-09-22 06:52:10Z" duration="0.000113" asserts="0">
            <properties>
              <property name="retryIteration" value="0" />
              <property name="repeatIteration" value="0" />
            </properties>
          </test-case>
          <test-case id="1037" name="ClassReferences_MatchWorkedExamples(&quot;Assassin&quot;,20,1,365,388,137,195,195)" fullname="CanonicalStatRulesTests.ClassReferences_MatchWorkedExamples(&quot;Assassin&quot;,20,1,365,388,137,195,195)" methodname="ClassReferences_MatchWorkedExamples" classname="CanonicalStatRulesTests" runstate="Runnable" seed="2144738893" result="Passed" start-time="2026-09-22 06:52:10Z" end-time="2026-09-22 06:52:10Z" duration="0.000111" asserts="0">
            <properties>
              <property name="retryIteration" value="0" />
              <property name="repeatIteration" value="0" />
            </properties>
          </test-case>
          <test-case id="1038" name="ClassReferences_MatchWorkedExamples(&quot;Assassin&quot;,100,1,1565,1348,377,195,595)" fullname="CanonicalStatRulesTests.ClassReferences_MatchWorkedExamples(&quot;Assassin&quot;,100,1,1565,1348,377,195,595)" methodname="ClassReferences_MatchWorkedExamples" classname="CanonicalStatRulesTests" runstate="Runnable" seed="1930219522" result="Passed" start-time="2026-09-22 06:52:10Z" end-time="2026-09-22 06:52:10Z" duration="0.000113" asserts="0">
            <properties>
              <property name="retryIteration" value="0" />
              <property name="repeatIteration" value="0" />
            </properties>
          </test-case>
          <test-case id="1039" name="ClassReferences_MatchWorkedExamples(&quot;Assassin&quot;,200,6,10728,8918,2370,270,3832)" fullname="CanonicalStatRulesTests.ClassReferences_MatchWorkedExamples(&quot;Assassin&quot;,200,6,10728,8918,2370,270,3832)" methodname="ClassReferences_MatchWorkedExamples" classname="CanonicalStatRulesTests" runstate="Runnable" seed="1363098436" result="Passed" start-time="2026-09-22 06:52:10Z" end-time="2026-09-22 06:52:10Z" duration="0.000113" asserts="0">
            <properties>
              <property name="retryIteration" value="0" />
              <property name="repeatIteration" value="0" />
            </properties>
          </test-case>
          <test-case id="1040" name="ClassReferences_MatchWorkedExamples(&quot;Mage&quot;,20,1,442,340,128,145,320)" fullname="CanonicalStatRulesTests.ClassReferences_MatchWorkedExamples(&quot;Mage&quot;,20,1,442,340,128,145,320)" methodname="ClassReferences_MatchWorkedExamples" classname="CanonicalStatRulesTests" runstate="Runnable" seed="22931720" result="Passed" start-time="2026-09-22 06:52:10Z" end-time="2026-09-22 06:52:10Z" duration="0.000115" asserts="0">
            <properties>
              <property name="retryIteration" value="0" />
              <property name="repeatIteration" value="0" />
            </properties>
          </test-case>
          <test-case id="1041" name="ClassReferences_MatchWorkedExamples(&quot;Tactician&quot;,20,1,518,252,176,165,340)" fullname="CanonicalStatRulesTests.ClassReferences_MatchWorkedExamples(&quot;Tactician&quot;,20,1,518,252,176,165,340)" methodname="ClassReferences_MatchWorkedExamples" classname="CanonicalStatRulesTests" runstate="Runnable" seed="66742184" result="Passed" start-time="2026-09-22 06:52:10Z" end-time="2026-09-22 06:52:10Z" duration="0.000111" asserts="0">
            <properties>
              <property name="retryIteration" value="0" />
              <property name="repeatIteration" value="0" />
            </properties>
          </test-case>
        </test-suite>
        <test-suite type="ParameterizedMethod" id="1052" name="Damage_UsesRevisedConstantSingleFinalRoundingAndMinimum" fullname="CanonicalStatRulesTests.Damage_UsesRevisedConstantSingleFinalRoundingAndMinimum" classname="CanonicalStatRulesTests" runstate="Runnable" testcasecount="6" result="Passed" start-time="2026-09-22 06:52:10Z" end-time="2026-09-22 06:52:10Z" duration="0.003137" total="6" passed="6" failed="0" inconclusive="0" skipped="0" asserts="0">
          <properties />
          <test-case id="1046" name="Damage_UsesRevisedConstantSingleFinalRoundingAndMinimum(3000,3000,1,1500)" fullname="CanonicalStatRulesTests.Damage_UsesRevisedConstantSingleFinalRoundingAndMinimum(3000,3000,1,1500)" methodname="Damage_UsesRevisedConstantSingleFinalRoundingAndMinimum" classname="CanonicalStatRulesTests" runstate="Runnable" seed="173668220" result="Passed" start-time="2026-09-22 06:52:10Z" end-time="2026-09-22 06:52:10Z" duration="0.000043" asserts="0">
            <properties>
              <property name="retryIteration" value="0" />
              <property name="repeatIteration" value="0" />
            </properties>
          </test-case>
          <test-case id="1047" name="Damage_UsesRevisedConstantSingleFinalRoundingAndMinimum(3000,3000,2,3000)" fullname="CanonicalStatRulesTests.Damage_UsesRevisedConstantSingleFinalRoundingAndMinimum(3000,3000,2,3000)" methodname="Damage_UsesRevisedConstantSingleFinalRoundingAndMinimum" classname="CanonicalStatRulesTests" runstate="Runnable" seed="1979946308" result="Passed" start-time="2026-09-22 06:52:10Z" end-time="2026-09-22 06:52:10Z" duration="0.000025" asserts="0">
            <properties>
              <property name="retryIteration" value="0" />
              <property name="repeatIteration" value="0" />
            </properties>
          </test-case>
          <test-case id="1048" name="Damage_UsesRevisedConstantSingleFinalRoundingAndMinimum(5,3000,1,2)" fullname="CanonicalStatRulesTests.Damage_UsesRevisedConstantSingleFinalRoundingAndMinimum(5,3000,1,2)" methodname="Damage_UsesRevisedConstantSingleFinalRoundingAndMinimum" classname="CanonicalStatRulesTests" runstate="Runnable" seed="1362327270" result="Passed" start-time="2026-09-22 06:52:10Z" end-time="2026-09-22 06:52:10Z" duration="0.000023" asserts="0">
            <properties>
              <property name="retryIteration" value="0" />
              <property name="repeatIteration" value="0" />
            </properties>
          </test-case>
          <test-case id="1049" name="Damage_UsesRevisedConstantSingleFinalRoundingAndMinimum(7,3000,1,4)" fullname="CanonicalStatRulesTests.Damage_UsesRevisedConstantSingleFinalRoundingAndMinimum(7,3000,1,4)" methodname="Damage_UsesRevisedConstantSingleFinalRoundingAndMinimum" classname="CanonicalStatRulesTests" runstate="Runnable" seed="1759782945" result="Passed" start-time="2026-09-22 06:52:10Z" end-time="2026-09-22 06:52:10Z" duration="0.000035" asserts="0">
            <properties>
              <property name="retryIteration" value="0" />
              <property name="repeatIteration" value="0" />
            </properties>
          </test-case>
          <test-case id="1050" name="Damage_UsesRevisedConstantSingleFinalRoundingAndMinimum(1,3000,1,1)" fullname="CanonicalStatRulesTests.Damage_UsesRevisedConstantSingleFinalRoundingAndMinimum(1,3000,1,1)" methodname="Damage_UsesRevisedConstantSingleFinalRoundingAndMinimum" classname="CanonicalStatRulesTests" runstate="Runnable" seed="985298511" result="Passed" start-time="2026-09-22 06:52:10Z" end-time="2026-09-22 06:52:10Z" duration="0.000021" asserts="0">
            <properties>
              <property name="retryIteration" value="0" />
              <property name="repeatIteration" value="0" />
            </properties>
          </test-case>
          <test-case id="1051" name="Damage_UsesRevisedConstantSingleFinalRoundingAndMinimum(100,-10,1,100)" fullname="CanonicalStatRulesTests.Damage_UsesRevisedConstantSingleFinalRoundingAndMinimum(100,-10,1,100)" methodname="Damage_UsesRevisedConstantSingleFinalRoundingAndMinimum" classname="CanonicalStatRulesTests" runstate="Runnable" seed="1273448196" result="Passed" start-time="2026-09-22 06:52:10Z" end-time="2026-09-22 06:52:10Z" duration="0.000018" asserts="0">
            <properties>
              <property name="retryIteration" value="0" />
              <property name="repeatIteration" value="0" />
            </properties>
          </test-case>
        </test-suite>
        <test-case id="1044" name="Evolution_EnforcesEveryCapAndUsesFlatSpeedRatherThanLevelGrowth" fullname="CanonicalStatRulesTests.Evolution_EnforcesEveryCapAndUsesFlatSpeedRatherThanLevelGrowth" methodname="Evolution_EnforcesEveryCapAndUsesFlatSpeedRatherThanLevelGrowth" classname="CanonicalStatRulesTests" runstate="Runnable" seed="47639190" result="Passed" start-time="2026-09-22 06:52:10Z" end-time="2026-09-22 06:52:10Z" duration="0.000248" asserts="0">
          <properties>
            <property name="retryIteration" value="0" />
            <property name="repeatIteration" value="0" />
          </properties>
        </test-case>
        <test-case id="1043" name="NamedRows_PreserveSourceStatsAndNeutralityTaxWithoutApplyingItTwice" fullname="CanonicalStatRulesTests.NamedRows_PreserveSourceStatsAndNeutralityTaxWithoutApplyingItTwice" methodname="NamedRows_PreserveSourceStatsAndNeutralityTaxWithoutApplyingItTwice" classname="CanonicalStatRulesTests" runstate="Runnable" seed="1829663798" result="Passed" start-time="2026-09-22 06:52:10Z" end-time="2026-09-22 06:52:10Z" duration="0.000206" asserts="0">
          <properties>
            <property name="retryIteration" value="0" />
            <property name="repeatIteration" value="0" />
          </properties>
        </test-case>
      </test-suite>
      <test-suite type="TestFixture" id="1056" name="CombatFoundationTests" fullname="CombatFoundationTests" classname="CombatFoundationTests" runstate="Runnable" testcasecount="25" result="Failed" site="Child" start-time="2026-09-22 06:52:10Z" end-time="2026-09-22 06:52:10Z" duration="0.013243" total="25" passed="23" failed="2" inconclusive="0" skipped="0" asserts="0">
        <properties />
        <failure>
          <message><![CDATA[One or more child tests had errors]]></message>
        </failure>
        <test-case id="1066" name="AttritionRecordsTheDefenderAsStatusSourceAndPermanentDurationIsExplicit" fullname="CombatFoundationTests.AttritionRecordsTheDefenderAsStatusSourceAndPermanentDurationIsExplicit" methodname="AttritionRecordsTheDefenderAsStatusSourceAndPermanentDurationIsExplicit" classname="CombatFoundationTests" runstate="Runnable" seed="1741399518" result="Passed" start-time="2026-09-22 06:52:10Z" end-time="2026-09-22 06:52:10Z" duration="0.000245" asserts="0">
          <properties>
            <property name="retryIteration" value="0" />
            <property name="repeatIteration" value="0" />
          </properties>
        </test-case>
        <test-case id="1067" name="BiomeAndClassThresholdsUseHighestStatTierAndRetainEliteBonuses" fullname="CombatFoundationTests.BiomeAndClassThresholdsUseHighestStatTierAndRetainEliteBonuses" methodname="BiomeAndClassThresholdsUseHighestStatTierAndRetainEliteBonuses" classname="CombatFoundationTests" runstate="Runnable" seed="1565463839" result="Passed" start-time="2026-09-22 06:52:10Z" end-time="2026-09-22 06:52:10Z" duration="0.000126" asserts="0">
          <properties>
            <property name="retryIteration" value="0" />
            <property name="repeatIteration" value="0" />
          </properties>
        </test-case>
        <test-case id="1068" name="BonusReadModelExcludesPlaceholderFamiliesAndReturnsDetachedLivingPairs" fullname="CombatFoundationTests.BonusReadModelExcludesPlaceholderFamiliesAndReturnsDetachedLivingPairs" methodname="BonusReadModelExcludesPlaceholderFamiliesAndReturnsDetachedLivingPairs" classname="CombatFoundationTests" runstate="Runnable" seed="402925186" result="Passed" start-time="2026-09-22 06:52:10Z" end-time="2026-09-22 06:52:10Z" duration="0.000133" asserts="0">
          <properties>
            <property name="retryIteration" value="0" />
            <property name="repeatIteration" value="0" />
          </properties>
        </test-case>
        <test-case id="1077" name="CaptainBatteryBerserkerAndPurifierCoverApplySourceBonuses" fullname="CombatFoundationTests.CaptainBatteryBerserkerAndPurifierCoverApplySourceBonuses" methodname="CaptainBatteryBerserkerAndPurifierCoverApplySourceBonuses" classname="CombatFoundationTests" runstate="Runnable" seed="721600493" result="Passed" start-time="2026-09-22 06:52:10Z" end-time="2026-09-22 06:52:10Z" duration="0.000198" asserts="0">
          <properties>
            <property name="retryIteration" value="0" />
            <property name="repeatIteration" value="0" />
          </properties>
        </test-case>
        <test-case id="1082" name="CatalogValidationRejectsUnknownRulesAndInvalidMovementOrPassiveTriggers" fullname="CombatFoundationTests.CatalogValidationRejectsUnknownRulesAndInvalidMovementOrPassiveTriggers" methodname="CatalogValidationRejectsUnknownRulesAndInvalidMovementOrPassiveTriggers" classname="CombatFoundationTests" runstate="Runnable" seed="1229116607" result="Passed" start-time="2026-09-22 06:52:10Z" end-time="2026-09-22 06:52:10Z" duration="0.000091" asserts="0">
          <properties>
            <property name="retryIteration" value="0" />
            <property name="repeatIteration" value="0" />
          </properties>
        </test-case>
        <test-case id="1064" name="CharmForcesBasicAgainstAllyWithoutSpendingSignatureEnergy" fullname="CombatFoundationTests.CharmForcesBasicAgainstAllyWithoutSpendingSignatureEnergy" methodname="CharmForcesBasicAgainstAllyWithoutSpendingSignatureEnergy" classname="CombatFoundationTests" runstate="Runnable" seed="933287533" result="Passed" start-time="2026-09-22 06:52:10Z" end-time="2026-09-22 06:52:10Z" duration="0.000115" asserts="0">
          <properties>
            <property name="retryIteration" value="0" />
            <property name="repeatIteration" value="0" />
          </properties>
        </test-case>
        <test-case id="1061" name="CloakConsumesOneHitAndRootPreventsDodgingAndMovement" fullname="CombatFoundationTests.CloakConsumesOneHitAndRootPreventsDodgingAndMovement" methodname="CloakConsumesOneHitAndRootPreventsDodgingAndMovement" classname="CombatFoundationTests" runstate="Runnable" seed="1363995151" result="Passed" start-time="2026-09-22 06:52:10Z" end-time="2026-09-22 06:52:10Z" duration="0.000181" asserts="0">
          <properties>
            <property name="retryIteration" value="0" />
            <property name="repeatIteration" value="0" />
          </properties>
        </test-case>
        <test-case id="1060" name="CoverInterceptsOncePerActionButNeverAoEAndUsesGuardDefense" fullname="CombatFoundationTests.CoverInterceptsOncePerActionButNeverAoEAndUsesGuardDefense" methodname="CoverInterceptsOncePerActionButNeverAoEAndUsesGuardDefense" classname="CombatFoundationTests" runstate="Runnable" seed="145731997" result="Passed" start-time="2026-09-22 06:52:10Z" end-time="2026-09-22 06:52:10Z" duration="0.000218" asserts="0">
          <properties>
            <property name="retryIteration" value="0" />
            <property name="repeatIteration" value="0" />
          </properties>
        </test-case>
        <test-case id="1078" name="CoverSurvivorReducesInterceptedHitAndDirectHitsAlsoGrantEnergy" fullname="CombatFoundationTests.CoverSurvivorReducesInterceptedHitAndDirectHitsAlsoGrantEnergy" methodname="CoverSurvivorReducesInterceptedHitAndDirectHitsAlsoGrantEnergy" classname="CombatFoundationTests" runstate="Runnable" seed="840740738" result="Passed" start-time="2026-09-22 06:52:10Z" end-time="2026-09-22 06:52:10Z" duration="0.000199" asserts="0">
          <properties>
            <property name="retryIteration" value="0" />
            <property name="repeatIteration" value="0" />
          </properties>
        </test-case>
        <test-case id="1080" name="CriticalDefenseBypassShieldBypassAndEliteExecutionerCompose" fullname="CombatFoundationTests.CriticalDefenseBypassShieldBypassAndEliteExecutionerCompose" methodname="CriticalDefenseBypassShieldBypassAndEliteExecutionerCompose" classname="CombatFoundationTests" runstate="Runnable" seed="1872521033" result="Passed" start-time="2026-09-22 06:52:10Z" end-time="2026-09-22 06:52:10Z" duration="0.000202" asserts="0">
          <properties>
            <property name="retryIteration" value="0" />
            <property name="repeatIteration" value="0" />
          </properties>
        </test-case>
        <test-case id="1079" name="HealingPairsAndSupportEliteGrantOnlyOnPositiveHealing" fullname="CombatFoundationTests.HealingPairsAndSupportEliteGrantOnlyOnPositiveHealing" methodname="HealingPairsAndSupportEliteGrantOnlyOnPositiveHealing" classname="CombatFoundationTests" runstate="Runnable" seed="924927020" result="Passed" start-time="2026-09-22 06:52:10Z" end-time="2026-09-22 06:52:10Z" duration="0.000247" asserts="0">
          <properties>
            <property name="retryIteration" value="0" />
            <property name="repeatIteration" value="0" />
          </properties>
        </test-case>
        <test-case id="1063" name="ImmunityFrostShieldCleanseDispelAndIntangibleUseSameEffectBoundary" fullname="CombatFoundationTests.ImmunityFrostShieldCleanseDispelAndIntangibleUseSameEffectBoundary" methodname="ImmunityFrostShieldCleanseDispelAndIntangibleUseSameEffectBoundary" classname="CombatFoundationTests" runstate="Runnable" seed="1854838611" result="Passed" start-time="2026-09-22 06:52:10Z" end-time="2026-09-22 06:52:10Z" duration="0.000251" asserts="0">
          <properties>
            <property name="retryIteration" value="0" />
            <property name="repeatIteration" value="0" />
          </properties>
        </test-case>
        <test-case id="1081" name="KitchenDurationCooldownAndUtilityEffectsHaveExplicitBounds" fullname="CombatFoundationTests.KitchenDurationCooldownAndUtilityEffectsHaveExplicitBounds" methodname="KitchenDurationCooldownAndUtilityEffectsHaveExplicitBounds" classname="CombatFoundationTests" runstate="Runnable" seed="853499786" result="Passed" start-time="2026-09-22 06:52:10Z" end-time="2026-09-22 06:52:10Z" duration="0.000187" asserts="0">
          <properties>
            <property name="retryIteration" value="0" />
            <property name="repeatIteration" value="0" />
          </properties>
        </test-case>
        <test-case id="1058" name="LethalBleedPreventsEffectsAndImmortalityIsConsumedOnce" fullname="CombatFoundationTests.LethalBleedPreventsEffectsAndImmortalityIsConsumedOnce" methodname="LethalBleedPreventsEffectsAndImmortalityIsConsumedOnce" classname="CombatFoundationTests" runstate="Runnable" seed="870850863" result="Passed" start-time="2026-09-22 06:52:10Z" end-time="2026-09-22 06:52:10Z" duration="0.000183" asserts="0">
          <properties>
            <property name="retryIteration" value="0" />
            <property name="repeatIteration" value="0" />
          </properties>
        </test-case>
        <test-case id="1062" name="MovementPreservesInstanceIdentityRejectsOccupiedCellsAndChangesRowTargeting" fullname="CombatFoundationTests.MovementPreservesInstanceIdentityRejectsOccupiedCellsAndChangesRowTargeting" methodname="MovementPreservesInstanceIdentityRejectsOccupiedCellsAndChangesRowTargeting" classname="CombatFoundationTests" runstate="Runnable" seed="1649245786" result="Passed" start-time="2026-09-22 06:52:10Z" end-time="2026-09-22 06:52:10Z" duration="0.000553" asserts="0">
          <properties>
            <property name="retryIteration" value="0" />
            <property name="repeatIteration" value="0" />
          </properties>
        </test-case>
        <test-suite type="ParameterizedMethod" id="1076" name="OffensiveRolePairsResolveRealHits" fullname="CombatFoundationTests.OffensiveRolePairsResolveRealHits" classname="CombatFoundationTests" runstate="Runnable" testcasecount="4" result="Passed" start-time="2026-09-22 06:52:10Z" end-time="2026-09-22 06:52:10Z" duration="0.003001" total="4" passed="4" failed="0" inconclusive="0" skipped="0" asserts="0">
          <properties />
          <test-case id="1072" name="OffensiveRolePairsResolveRealHits(&quot;Duelist&quot;,&quot;CC&quot;,&quot;Root&quot;,0,875)" fullname="CombatFoundationTests.OffensiveRolePairsResolveRealHits(&quot;Duelist&quot;,&quot;CC&quot;,&quot;Root&quot;,0,875)" methodname="OffensiveRolePairsResolveRealHits" classname="CombatFoundationTests" runstate="Runnable" seed="91284004" result="Passed" start-time="2026-09-22 06:52:10Z" end-time="2026-09-22 06:52:10Z" duration="0.000146" asserts="0">
            <properties>
              <property name="retryIteration" value="0" />
              <property name="repeatIteration" value="0" />
            </properties>
          </test-case>
          <test-case id="1073" name="OffensiveRolePairsResolveRealHits(&quot;AoE&quot;,&quot;Saboteur&quot;,&quot;Poison&quot;,0,880)" fullname="CombatFoundationTests.OffensiveRolePairsResolveRealHits(&quot;AoE&quot;,&quot;Saboteur&quot;,&quot;Poison&quot;,0,880)" methodname="OffensiveRolePairsResolveRealHits" classname="CombatFoundationTests" runstate="Runnable" seed="1022357799" result="Passed" start-time="2026-09-22 06:52:10Z" end-time="2026-09-22 06:52:10Z" duration="0.000109" asserts="0">
            <properties>
              <property name="retryIteration" value="0" />
              <property name="repeatIteration" value="0" />
            </properties>
          </test-case>
          <test-case id="1074" name="OffensiveRolePairsResolveRealHits(&quot;Stalker&quot;,&quot;Stealth&quot;,&quot;Marked&quot;,3000,900)" fullname="CombatFoundationTests.OffensiveRolePairsResolveRealHits(&quot;Stalker&quot;,&quot;Stealth&quot;,&quot;Marked&quot;,3000,900)" methodname="OffensiveRolePairsResolveRealHits" classname="CombatFoundationTests" runstate="Runnable" seed="1308502983" result="Passed" start-time="2026-09-22 06:52:10Z" end-time="2026-09-22 06:52:10Z" duration="0.000125" asserts="0">
            <properties>
              <property name="retryIteration" value="0" />
              <property name="repeatIteration" value="0" />
            </properties>
          </test-case>
          <test-case id="1075" name="OffensiveRolePairsResolveRealHits(&quot;Nuker&quot;,&quot;Scout&quot;,&quot;Marked&quot;,0,900)" fullname="CombatFoundationTests.OffensiveRolePairsResolveRealHits(&quot;Nuker&quot;,&quot;Scout&quot;,&quot;Marked&quot;,0,900)" methodname="OffensiveRolePairsResolveRealHits" classname="CombatFoundationTests" runstate="Runnable" seed="334269904" result="Passed" start-time="2026-09-22 06:52:10Z" end-time="2026-09-22 06:52:10Z" duration="0.000126" asserts="0">
            <properties>
              <property name="retryIteration" value="0" />
              <property name="repeatIteration" value="0" />
            </properties>
          </test-case>
        </test-suite>
        <test-case id="1065" name="PassiveReactionsDoNotRecurseAndDefinitionsAreDetached" fullname="CombatFoundationTests.PassiveReactionsDoNotRecurseAndDefinitionsAreDetached" methodname="PassiveReactionsDoNotRecurseAndDefinitionsAreDetached" classname="CombatFoundationTests" runstate="Runnable" seed="106795064" result="Passed" start-time="2026-09-22 06:52:10Z" end-time="2026-09-22 06:52:10Z" duration="0.000123" asserts="0">
          <properties>
            <property name="retryIteration" value="0" />
            <property name="repeatIteration" value="0" />
          </properties>
        </test-case>
        <test-case id="1071" name="PeatShieldUsesActualGrantedEnergyAndCanonicalJsonHasNoCompetingStats" fullname="CombatFoundationTests.PeatShieldUsesActualGrantedEnergyAndCanonicalJsonHasNoCompetingStats" methodname="PeatShieldUsesActualGrantedEnergyAndCanonicalJsonHasNoCompetingStats" classname="CombatFoundationTests" runstate="Runnable" seed="1636302446" result="Failed" label="Error" start-time="2026-09-22 06:52:10Z" end-time="2026-09-22 06:52:10Z" duration="0.000500" asserts="0">
          <properties>
            <property name="retryIteration" value="0" />
            <property name="repeatIteration" value="0" />
          </properties>
          <failure>
            <message><![CDATA[System.InvalidOperationException : Invalid game content: Stage s_1_1: missing waves.]]></message>
            <stack-trace><![CDATA[  at GameDataValidator.Require (System.Boolean condition, System.String message) [0x00014] in C:\Users\naisi\Desktop\FunGuy\FunGuy's\Assets\_Game\Scripts\Data\GameDataValidator.cs:188 
  at GameDataValidator.Validate (CharactersFile characters, SkillsFile skills, StagesFile stages, BannersFile banners, StatRulesCatalog statRules) [0x006d1] in C:\Users\naisi\Desktop\FunGuy\FunGuy's\Assets\_Game\Scripts\Data\GameDataValidator.cs:63 
  at UnityContentCatalogLoader.LoadInto (GameData data, ContentCatalogAsset asset) [0x00048] in C:\Users\naisi\Desktop\FunGuy\FunGuy's\Assets\_Game\Scripts\Data\UnityContentCatalogLoader.cs:26 
  at GameData.LoadAll () [0x00009] in C:\Users\naisi\Desktop\FunGuy\FunGuy's\Assets\_Game\Scripts\Data\GameData.cs:17 
  at CombatFoundationTests.PeatShieldUsesActualGrantedEnergyAndCanonicalJsonHasNoCompetingStats () [0x00005] in C:\Users\naisi\Desktop\FunGuy\FunGuy's\Assets\_Game\Tests\EditMode\CombatFoundationTests.cs:194 
  at (wrapper managed-to-native) System.Reflection.RuntimeMethodInfo.InternalInvoke(System.Reflection.RuntimeMethodInfo,object,object[],System.Exception&)
  at System.Reflection.RuntimeMethodInfo.Invoke (System.Object obj, System.Reflection.BindingFlags invokeAttr, System.Reflection.Binder binder, System.Object[] parameters, System.Globalization.CultureInfo culture) [0x0006a] in <1eb9db207454431c84a47bcd81e79c37>:0 ]]></stack-trace>
          </failure>
        </test-case>
        <test-case id="1057" name="PoisonUsesMaxHpBurnUsesFlatDamageAndBleedRequiresAnAction" fullname="CombatFoundationTests.PoisonUsesMaxHpBurnUsesFlatDamageAndBleedRequiresAnAction" methodname="PoisonUsesMaxHpBurnUsesFlatDamageAndBleedRequiresAnAction" classname="CombatFoundationTests" runstate="Runnable" seed="1766975203" result="Passed" start-time="2026-09-22 06:52:10Z" end-time="2026-09-22 06:52:10Z" duration="0.000227" asserts="0">
          <properties>
            <property name="retryIteration" value="0" />
            <property name="repeatIteration" value="0" />
          </properties>
        </test-case>
        <test-case id="1069" name="RolePairsDisableWhenPartnerDiesAndBuffsGrantEnergy" fullname="CombatFoundationTests.RolePairsDisableWhenPartnerDiesAndBuffsGrantEnergy" methodname="RolePairsDisableWhenPartnerDiesAndBuffsGrantEnergy" classname="CombatFoundationTests" runstate="Runnable" seed="1880183583" result="Passed" start-time="2026-09-22 06:52:10Z" end-time="2026-09-22 06:52:10Z" duration="0.000156" asserts="0">
          <properties>
            <property name="retryIteration" value="0" />
            <property name="repeatIteration" value="0" />
          </properties>
        </test-case>
        <test-case id="1070" name="StatSheetExamplesLoadWithCanonicalStatsAndRunWithObservablePassives" fullname="CombatFoundationTests.StatSheetExamplesLoadWithCanonicalStatsAndRunWithObservablePassives" methodname="StatSheetExamplesLoadWithCanonicalStatsAndRunWithObservablePassives" classname="CombatFoundationTests" runstate="Runnable" seed="42469390" result="Failed" label="Error" start-time="2026-09-22 06:52:10Z" end-time="2026-09-22 06:52:10Z" duration="0.000424" asserts="0">
          <properties>
            <property name="retryIteration" value="0" />
            <property name="repeatIteration" value="0" />
          </properties>
          <failure>
            <message><![CDATA[System.InvalidOperationException : Invalid game content: Stage s_1_1: missing waves.]]></message>
            <stack-trace><![CDATA[  at GameDataValidator.Require (System.Boolean condition, System.String message) [0x00014] in C:\Users\naisi\Desktop\FunGuy\FunGuy's\Assets\_Game\Scripts\Data\GameDataValidator.cs:188 
  at GameDataValidator.Validate (CharactersFile characters, SkillsFile skills, StagesFile stages, BannersFile banners, StatRulesCatalog statRules) [0x006d1] in C:\Users\naisi\Desktop\FunGuy\FunGuy's\Assets\_Game\Scripts\Data\GameDataValidator.cs:63 
  at UnityContentCatalogLoader.LoadInto (GameData data, ContentCatalogAsset asset) [0x00048] in C:\Users\naisi\Desktop\FunGuy\FunGuy's\Assets\_Game\Scripts\Data\UnityContentCatalogLoader.cs:26 
  at GameData.LoadAll () [0x00009] in C:\Users\naisi\Desktop\FunGuy\FunGuy's\Assets\_Game\Scripts\Data\GameData.cs:17 
  at CombatFoundationTests.StatSheetExamplesLoadWithCanonicalStatsAndRunWithObservablePassives () [0x00006] in C:\Users\naisi\Desktop\FunGuy\FunGuy's\Assets\_Game\Tests\EditMode\CombatFoundationTests.cs:180 
  at (wrapper managed-to-native) System.Reflection.RuntimeMethodInfo.InternalInvoke(System.Reflection.RuntimeMethodInfo,object,object[],System.Exception&)
  at System.Reflection.RuntimeMethodInfo.Invoke (System.Object obj, System.Reflection.BindingFlags invokeAttr, System.Reflection.Binder binder, System.Object[] parameters, System.Globalization.CultureInfo culture) [0x0006a] in <1eb9db207454431c84a47bcd81e79c37>:0 ]]></stack-trace>
          </failure>
        </test-case>
        <test-case id="1059" name="TauntStealthAndVantageHaveExplicitSingleTargetPrecedence" fullname="CombatFoundationTests.TauntStealthAndVantageHaveExplicitSingleTargetPrecedence" methodname="TauntStealthAndVantageHaveExplicitSingleTargetPrecedence" classname="CombatFoundationTests" runstate="Runnable" seed="1243338910" result="Passed" start-time="2026-09-22 06:52:10Z" end-time="2026-09-22 06:52:10Z" duration="0.000250" asserts="0">
          <properties>
            <property name="retryIteration" value="0" />
            <property name="repeatIteration" value="0" />
          </properties>
        </test-case>
      </test-suite>
      <test-suite type="TestFixture" id="1083" name="DataAndSaveTests" fullname="DataAndSaveTests" classname="DataAndSaveTests" runstate="Runnable" testcasecount="2" result="Failed" site="Child" start-time="2026-09-22 06:52:10Z" end-time="2026-09-22 06:52:10Z" duration="0.002555" total="2" passed="1" failed="1" inconclusive="0" skipped="0" asserts="0">
        <properties />
        <failure>
          <message><![CDATA[One or more child tests had errors]]></message>
        </failure>
        <test-case id="1085" name="SaveModel_RoundTripsJson_WithBannerMaps" fullname="DataAndSaveTests.SaveModel_RoundTripsJson_WithBannerMaps" methodname="SaveModel_RoundTripsJson_WithBannerMaps" classname="DataAndSaveTests" runstate="Runnable" seed="993378547" result="Passed" start-time="2026-09-22 06:52:10Z" end-time="2026-09-22 06:52:10Z" duration="0.000096" asserts="0">
          <properties>
            <property name="retryIteration" value="0" />
            <property name="repeatIteration" value="0" />
          </properties>
        </test-case>
        <test-case id="1084" name="StageWaves_ReferenceExistingRosterOpponents" fullname="DataAndSaveTests.StageWaves_ReferenceExistingRosterOpponents" methodname="StageWaves_ReferenceExistingRosterOpponents" classname="DataAndSaveTests" runstate="Runnable" seed="889975131" result="Failed" label="Error" start-time="2026-09-22 06:52:10Z" end-time="2026-09-22 06:52:10Z" duration="0.000388" asserts="0">
          <properties>
            <property name="retryIteration" value="0" />
            <property name="repeatIteration" value="0" />
          </properties>
          <failure>
            <message><![CDATA[System.InvalidOperationException : Invalid game content: Stage s_1_1: missing waves.]]></message>
            <stack-trace><![CDATA[  at GameDataValidator.Require (System.Boolean condition, System.String message) [0x00014] in C:\Users\naisi\Desktop\FunGuy\FunGuy's\Assets\_Game\Scripts\Data\GameDataValidator.cs:188 
  at GameDataValidator.Validate (CharactersFile characters, SkillsFile skills, StagesFile stages, BannersFile banners, StatRulesCatalog statRules) [0x006d1] in C:\Users\naisi\Desktop\FunGuy\FunGuy's\Assets\_Game\Scripts\Data\GameDataValidator.cs:63 
  at UnityContentCatalogLoader.LoadInto (GameData data, ContentCatalogAsset asset) [0x00048] in C:\Users\naisi\Desktop\FunGuy\FunGuy's\Assets\_Game\Scripts\Data\UnityContentCatalogLoader.cs:26 
  at GameData.LoadAll () [0x00009] in C:\Users\naisi\Desktop\FunGuy\FunGuy's\Assets\_Game\Scripts\Data\GameData.cs:17 
  at DataAndSaveTests.StageWaves_ReferenceExistingRosterOpponents () [0x00006] in C:\Users\naisi\Desktop\FunGuy\FunGuy's\Assets\_Game\Tests\EditMode\DataAndSaveTests.cs:11 
  at (wrapper managed-to-native) System.Reflection.RuntimeMethodInfo.InternalInvoke(System.Reflection.RuntimeMethodInfo,object,object[],System.Exception&)
  at System.Reflection.RuntimeMethodInfo.Invoke (System.Object obj, System.Reflection.BindingFlags invokeAttr, System.Reflection.Binder binder, System.Object[] parameters, System.Globalization.CultureInfo culture) [0x0006a] in <1eb9db207454431c84a47bcd81e79c37>:0 ]]></stack-trace>
          </failure>
        </test-case>
      </test-suite>
      <test-suite type="TestFixture" id="1086" name="FormationTests" fullname="FormationTests" classname="FormationTests" runstate="Runnable" testcasecount="13" result="Failed" site="Child" start-time="2026-09-22 06:52:10Z" end-time="2026-09-22 06:52:10Z" duration="0.009323" total="13" passed="12" failed="1" inconclusive="0" skipped="0" asserts="0">
        <properties />
        <failure>
          <message><![CDATA[One or more child tests had errors]]></message>
        </failure>
        <test-case id="1099" name="AllyRowAndInvalidBattleSlotsRespectBoardBoundaries" fullname="FormationTests.AllyRowAndInvalidBattleSlotsRespectBoardBoundaries" methodname="AllyRowAndInvalidBattleSlotsRespectBoardBoundaries" classname="FormationTests" runstate="Runnable" seed="215646771" result="Passed" start-time="2026-09-22 06:52:10Z" end-time="2026-09-22 06:52:10Z" duration="0.000211" asserts="0">
          <properties>
            <property name="retryIteration" value="0" />
            <property name="repeatIteration" value="0" />
          </properties>
        </test-case>
        <test-case id="1097" name="DeadFrontlineFallsBackToBacklineWithoutMovingSurvivors" fullname="FormationTests.DeadFrontlineFallsBackToBacklineWithoutMovingSurvivors" methodname="DeadFrontlineFallsBackToBacklineWithoutMovingSurvivors" classname="FormationTests" runstate="Runnable" seed="1213406095" result="Passed" start-time="2026-09-22 06:52:10Z" end-time="2026-09-22 06:52:10Z" duration="0.000116" asserts="0">
          <properties>
            <property name="retryIteration" value="0" />
            <property name="repeatIteration" value="0" />
          </properties>
        </test-case>
        <test-case id="1100" name="EnemyContent_ReservesExplicitSlotsAndRejectsDuplicateAssignments" fullname="FormationTests.EnemyContent_ReservesExplicitSlotsAndRejectsDuplicateAssignments" methodname="EnemyContent_ReservesExplicitSlotsAndRejectsDuplicateAssignments" classname="FormationTests" runstate="Runnable" seed="31607514" result="Failed" label="Error" start-time="2026-09-22 06:52:10Z" end-time="2026-09-22 06:52:10Z" duration="0.000415" asserts="0">
          <properties>
            <property name="retryIteration" value="0" />
            <property name="repeatIteration" value="0" />
          </properties>
          <failure>
            <message><![CDATA[System.InvalidOperationException : Invalid game content: Stage s_1_1: missing waves.]]></message>
            <stack-trace><![CDATA[  at GameDataValidator.Require (System.Boolean condition, System.String message) [0x00014] in C:\Users\naisi\Desktop\FunGuy\FunGuy's\Assets\_Game\Scripts\Data\GameDataValidator.cs:188 
  at GameDataValidator.Validate (CharactersFile characters, SkillsFile skills, StagesFile stages, BannersFile banners, StatRulesCatalog statRules) [0x006d1] in C:\Users\naisi\Desktop\FunGuy\FunGuy's\Assets\_Game\Scripts\Data\GameDataValidator.cs:63 
  at UnityContentCatalogLoader.LoadInto (GameData data, ContentCatalogAsset asset) [0x00048] in C:\Users\naisi\Desktop\FunGuy\FunGuy's\Assets\_Game\Scripts\Data\UnityContentCatalogLoader.cs:26 
  at GameData.LoadAll () [0x00009] in C:\Users\naisi\Desktop\FunGuy\FunGuy's\Assets\_Game\Scripts\Data\GameData.cs:17 
  at FormationTests.EnemyContent_ReservesExplicitSlotsAndRejectsDuplicateAssignments () [0x00011] in C:\Users\naisi\Desktop\FunGuy\FunGuy's\Assets\_Game\Tests\EditMode\FormationTests.cs:176 
  at (wrapper managed-to-native) System.Reflection.RuntimeMethodInfo.InternalInvoke(System.Reflection.RuntimeMethodInfo,object,object[],System.Exception&)
  at System.Reflection.RuntimeMethodInfo.Invoke (System.Object obj, System.Reflection.BindingFlags invokeAttr, System.Reflection.Binder binder, System.Object[] parameters, System.Globalization.CultureInfo culture) [0x0006a] in <1eb9db207454431c84a47bcd81e79c37>:0 ]]></stack-trace>
          </failure>
        </test-case>
        <test-case id="1087" name="FullBoard_AllSpacesAvailableButSixthMemberRequiresReplacement" fullname="FormationTests.FullBoard_AllSpacesAvailableButSixthMemberRequiresReplacement" methodname="FullBoard_AllSpacesAvailableButSixthMemberRequiresReplacement" classname="FormationTests" runstate="Runnable" seed="2098960861" result="Passed" start-time="2026-09-22 06:52:10Z" end-time="2026-09-22 06:52:10Z" duration="0.001232" asserts="0">
          <properties>
            <property name="retryIteration" value="0" />
            <property name="repeatIteration" value="0" />
          </properties>
        </test-case>
        <test-case id="1090" name="InvalidNoOpAndFailedOperations_DoNotPublishPartialPlacement" fullname="FormationTests.InvalidNoOpAndFailedOperations_DoNotPublishPartialPlacement" methodname="InvalidNoOpAndFailedOperations_DoNotPublishPartialPlacement" classname="FormationTests" runstate="Runnable" seed="574479698" result="Passed" start-time="2026-09-22 06:52:10Z" end-time="2026-09-22 06:52:10Z" duration="0.000268" asserts="0">
          <properties>
            <property name="retryIteration" value="0" />
            <property name="repeatIteration" value="0" />
          </properties>
        </test-case>
        <test-case id="1091" name="LegacyAndDamagedAssignments_RecoverDeterministically" fullname="FormationTests.LegacyAndDamagedAssignments_RecoverDeterministically" methodname="LegacyAndDamagedAssignments_RecoverDeterministically" classname="FormationTests" runstate="Runnable" seed="1186110083" result="Passed" start-time="2026-09-22 06:52:10Z" end-time="2026-09-22 06:52:10Z" duration="0.000073" asserts="0">
          <properties>
            <property name="retryIteration" value="0" />
            <property name="repeatIteration" value="0" />
          </properties>
        </test-case>
        <test-case id="1088" name="MiddleDepth_IsIndependentAndFallbackStopsAtNearestOccupiedDepth" fullname="FormationTests.MiddleDepth_IsIndependentAndFallbackStopsAtNearestOccupiedDepth" methodname="MiddleDepth_IsIndependentAndFallbackStopsAtNearestOccupiedDepth" classname="FormationTests" runstate="Runnable" seed="1233090306" result="Passed" start-time="2026-09-22 06:52:10Z" end-time="2026-09-22 06:52:10Z" duration="0.000060" asserts="0">
          <properties>
            <property name="retryIteration" value="0" />
            <property name="repeatIteration" value="0" />
          </properties>
        </test-case>
        <test-case id="1089" name="Placement_SwapsMovesReplacesAndKeepsHolesWithoutLosingOwnedUnits" fullname="FormationTests.Placement_SwapsMovesReplacesAndKeepsHolesWithoutLosingOwnedUnits" methodname="Placement_SwapsMovesReplacesAndKeepsHolesWithoutLosingOwnedUnits" classname="FormationTests" runstate="Runnable" seed="1431782442" result="Passed" start-time="2026-09-22 06:52:10Z" end-time="2026-09-22 06:52:10Z" duration="0.000475" asserts="0">
          <properties>
            <property name="retryIteration" value="0" />
            <property name="repeatIteration" value="0" />
          </properties>
        </test-case>
        <test-case id="1098" name="SwappingFrontAndBackChangesWhoSurvivesTheAttack" fullname="FormationTests.SwappingFrontAndBackChangesWhoSurvivesTheAttack" methodname="SwappingFrontAndBackChangesWhoSurvivesTheAttack" classname="FormationTests" runstate="Runnable" seed="1923163091" result="Passed" start-time="2026-09-22 06:52:10Z" end-time="2026-09-22 06:52:10Z" duration="0.000181" asserts="0">
          <properties>
            <property name="retryIteration" value="0" />
            <property name="repeatIteration" value="0" />
          </properties>
        </test-case>
        <test-suite type="ParameterizedMethod" id="1096" name="Targeting_UsesPositionsRatherThanCollectionOrder" fullname="FormationTests.Targeting_UsesPositionsRatherThanCollectionOrder" classname="FormationTests" runstate="Runnable" testcasecount="4" result="Passed" start-time="2026-09-22 06:52:10Z" end-time="2026-09-22 06:52:10Z" duration="0.002766" total="4" passed="4" failed="0" inconclusive="0" skipped="0" asserts="0">
          <properties />
          <test-case id="1092" name="Targeting_UsesPositionsRatherThanCollectionOrder(&quot;EnemyFront&quot;,100,90,100)" fullname="FormationTests.Targeting_UsesPositionsRatherThanCollectionOrder(&quot;EnemyFront&quot;,100,90,100)" methodname="Targeting_UsesPositionsRatherThanCollectionOrder" classname="FormationTests" runstate="Runnable" seed="1932853109" result="Passed" start-time="2026-09-22 06:52:10Z" end-time="2026-09-22 06:52:10Z" duration="0.000150" asserts="0">
            <properties>
              <property name="retryIteration" value="0" />
              <property name="repeatIteration" value="0" />
            </properties>
          </test-case>
          <test-case id="1093" name="Targeting_UsesPositionsRatherThanCollectionOrder(&quot;EnemyBack&quot;,90,100,100)" fullname="FormationTests.Targeting_UsesPositionsRatherThanCollectionOrder(&quot;EnemyBack&quot;,90,100,100)" methodname="Targeting_UsesPositionsRatherThanCollectionOrder" classname="FormationTests" runstate="Runnable" seed="2109785676" result="Passed" start-time="2026-09-22 06:52:10Z" end-time="2026-09-22 06:52:10Z" duration="0.000118" asserts="0">
            <properties>
              <property name="retryIteration" value="0" />
              <property name="repeatIteration" value="0" />
            </properties>
          </test-case>
          <test-case id="1094" name="Targeting_UsesPositionsRatherThanCollectionOrder(&quot;EnemyFrontRow&quot;,100,90,90)" fullname="FormationTests.Targeting_UsesPositionsRatherThanCollectionOrder(&quot;EnemyFrontRow&quot;,100,90,90)" methodname="Targeting_UsesPositionsRatherThanCollectionOrder" classname="FormationTests" runstate="Runnable" seed="2062831964" result="Passed" start-time="2026-09-22 06:52:10Z" end-time="2026-09-22 06:52:10Z" duration="0.000114" asserts="0">
            <properties>
              <property name="retryIteration" value="0" />
              <property name="repeatIteration" value="0" />
            </properties>
          </test-case>
          <test-case id="1095" name="Targeting_UsesPositionsRatherThanCollectionOrder(&quot;EnemyBackRow&quot;,90,100,100)" fullname="FormationTests.Targeting_UsesPositionsRatherThanCollectionOrder(&quot;EnemyBackRow&quot;,90,100,100)" methodname="Targeting_UsesPositionsRatherThanCollectionOrder" classname="FormationTests" runstate="Runnable" seed="84532294" result="Passed" start-time="2026-09-22 06:52:10Z" end-time="2026-09-22 06:52:10Z" duration="0.000099" asserts="0">
            <properties>
              <property name="retryIteration" value="0" />
              <property name="repeatIteration" value="0" />
            </properties>
          </test-case>
        </test-suite>
      </test-suite>
      <test-suite type="TestFixture" id="1101" name="GachaServiceTests" fullname="GachaServiceTests" classname="GachaServiceTests" runstate="Runnable" testcasecount="2" result="Passed" start-time="2026-09-22 06:52:10Z" end-time="2026-09-22 06:52:10Z" duration="0.002292" total="2" passed="2" failed="0" inconclusive="0" skipped="0" asserts="0">
        <properties />
[...]
          </properties>
        </test-case>
        <test-case id="1128" name="Replace_RejectsUnownedDuplicatesAndOverflowWithoutMutation" fullname="TeamServiceTests.Replace_RejectsUnownedDuplicatesAndOverflowWithoutMutation" methodname="Replace_RejectsUnownedDuplicatesAndOverflowWithoutMutation" classname="TeamServiceTests" runstate="Runnable" seed="1029834525" result="Passed" start-time="2026-09-22 06:52:10Z" end-time="2026-09-22 06:52:10Z" duration="0.000182" asserts="0">
          <properties>
            <property name="retryIteration" value="0" />
            <property name="repeatIteration" value="0" />
          </properties>
        </test-case>
        <test-case id="1129" name="Selection_PreservesOrderAndAvoidsDuplicateOrNoOpWrites" fullname="TeamServiceTests.Selection_PreservesOrderAndAvoidsDuplicateOrNoOpWrites" methodname="Selection_PreservesOrderAndAvoidsDuplicateOrNoOpWrites" classname="TeamServiceTests" runstate="Runnable" seed="1433111195" result="Passed" start-time="2026-09-22 06:52:10Z" end-time="2026-09-22 06:52:10Z" duration="0.000334" asserts="0">
          <properties>
            <property name="retryIteration" value="0" />
            <property name="repeatIteration" value="0" />
          </properties>
        </test-case>
        <test-case id="1131" name="StorageFailure_DoesNotPublishPartialSelection" fullname="TeamServiceTests.StorageFailure_DoesNotPublishPartialSelection" methodname="StorageFailure_DoesNotPublishPartialSelection" classname="TeamServiceTests" runstate="Runnable" seed="1590070346" result="Passed" start-time="2026-09-22 06:52:10Z" end-time="2026-09-22 06:52:10Z" duration="0.000088" asserts="0">
          <properties>
            <property name="retryIteration" value="0" />
            <property name="repeatIteration" value="0" />
          </properties>
        </test-case>
      </test-suite>
      <test-suite type="TestFixture" id="1132" name="UpgradeServiceTests" fullname="UpgradeServiceTests" classname="UpgradeServiceTests" runstate="Runnable" testcasecount="8" result="Failed" site="Child" start-time="2026-09-22 06:52:10Z" end-time="2026-09-22 06:52:10Z" duration="0.005804" total="8" passed="0" failed="8" inconclusive="0" skipped="0" asserts="0">
        <properties />
        <failure>
          <message><![CDATA[One or more child tests had errors]]></message>
        </failure>
        <test-case id="1139" name="CanonicalProfile_UsesEvolutionAndClassGrowthWithoutChangingStars" fullname="UpgradeServiceTests.CanonicalProfile_UsesEvolutionAndClassGrowthWithoutChangingStars" methodname="CanonicalProfile_UsesEvolutionAndClassGrowthWithoutChangingStars" classname="UpgradeServiceTests" runstate="Runnable" seed="1201773086" result="Failed" label="Error" start-time="2026-09-22 06:52:10Z" end-time="2026-09-22 06:52:10Z" duration="0.000475" asserts="0">
          <properties>
            <property name="retryIteration" value="0" />
            <property name="repeatIteration" value="0" />
          </properties>
          <failure>
            <message><![CDATA[SetUp : System.InvalidOperationException : Invalid game content: Stage s_1_1: missing waves.]]></message>
            <stack-trace><![CDATA[--SetUp
  at GameDataValidator.Require (System.Boolean condition, System.String message) [0x00014] in C:\Users\naisi\Desktop\FunGuy\FunGuy's\Assets\_Game\Scripts\Data\GameDataValidator.cs:188 
  at GameDataValidator.Validate (CharactersFile characters, SkillsFile skills, StagesFile stages, BannersFile banners, StatRulesCatalog statRules) [0x006d1] in C:\Users\naisi\Desktop\FunGuy\FunGuy's\Assets\_Game\Scripts\Data\GameDataValidator.cs:63 
  at UnityContentCatalogLoader.LoadInto (GameData data, ContentCatalogAsset asset) [0x00048] in C:\Users\naisi\Desktop\FunGuy\FunGuy's\Assets\_Game\Scripts\Data\UnityContentCatalogLoader.cs:26 
  at GameData.LoadAll () [0x00009] in C:\Users\naisi\Desktop\FunGuy\FunGuy's\Assets\_Game\Scripts\Data\GameData.cs:17 
  at UpgradeServiceTests.Setup () [0x0000b] in C:\Users\naisi\Desktop\FunGuy\FunGuy's\Assets\_Game\Tests\EditMode\UpgradeServiceTests.cs:27 
  at (wrapper managed-to-native) System.Reflection.RuntimeMethodInfo.InternalInvoke(System.Reflection.RuntimeMethodInfo,object,object[],System.Exception&)
  at System.Reflection.RuntimeMethodInfo.Invoke (System.Object obj, System.Reflection.BindingFlags invokeAttr, System.Reflection.Binder binder, System.Object[] parameters, System.Globalization.CultureInfo culture) [0x0006a] in <1eb9db207454431c84a47bcd81e79c37>:0 ]]></stack-trace>
          </failure>
        </test-case>
        <test-case id="1137" name="Cap_DoesNotSpendOrDowngradeOlderSaves" fullname="UpgradeServiceTests.Cap_DoesNotSpendOrDowngradeOlderSaves" methodname="Cap_DoesNotSpendOrDowngradeOlderSaves" classname="UpgradeServiceTests" runstate="Runnable" seed="1817953477" result="Failed" label="Error" start-time="2026-09-22 06:52:10Z" end-time="2026-09-22 06:52:10Z" duration="0.000383" asserts="0">
          <properties>
            <property name="retryIteration" value="0" />
            <property name="repeatIteration" value="0" />
          </properties>
          <failure>
            <message><![CDATA[SetUp : System.InvalidOperationException : Invalid game content: Stage s_1_1: missing waves.]]></message>
            <stack-trace><![CDATA[--SetUp
  at GameDataValidator.Require (System.Boolean condition, System.String message) [0x00014] in C:\Users\naisi\Desktop\FunGuy\FunGuy's\Assets\_Game\Scripts\Data\GameDataValidator.cs:188 
  at GameDataValidator.Validate (CharactersFile characters, SkillsFile skills, StagesFile stages, BannersFile banners, StatRulesCatalog statRules) [0x006d1] in C:\Users\naisi\Desktop\FunGuy\FunGuy's\Assets\_Game\Scripts\Data\GameDataValidator.cs:63 
  at UnityContentCatalogLoader.LoadInto (GameData data, ContentCatalogAsset asset) [0x00048] in C:\Users\naisi\Desktop\FunGuy\FunGuy's\Assets\_Game\Scripts\Data\UnityContentCatalogLoader.cs:26 
  at GameData.LoadAll () [0x00009] in C:\Users\naisi\Desktop\FunGuy\FunGuy's\Assets\_Game\Scripts\Data\GameData.cs:17 
  at UpgradeServiceTests.Setup () [0x0000b] in C:\Users\naisi\Desktop\FunGuy\FunGuy's\Assets\_Game\Tests\EditMode\UpgradeServiceTests.cs:27 
  at (wrapper managed-to-native) System.Reflection.RuntimeMethodInfo.InternalInvoke(System.Reflection.RuntimeMethodInfo,object,object[],System.Exception&)
  at System.Reflection.RuntimeMethodInfo.Invoke (System.Object obj, System.Reflection.BindingFlags invokeAttr, System.Reflection.Binder binder, System.Object[] parameters, System.Globalization.CultureInfo culture) [0x0006a] in <1eb9db207454431c84a47bcd81e79c37>:0 ]]></stack-trace>
          </failure>
        </test-case>
        <test-case id="1140" name="Catalog_RejectsMissingDuplicateInvalidAndUnsupportedCosts_AndCopiesInputs" fullname="UpgradeServiceTests.Catalog_RejectsMissingDuplicateInvalidAndUnsupportedCosts_AndCopiesInputs" methodname="Catalog_RejectsMissingDuplicateInvalidAndUnsupportedCosts_AndCopiesInputs" classname="UpgradeServiceTests" runstate="Runnable" seed="1211073697" result="Failed" label="Error" start-time="2026-09-22 06:52:10Z" end-time="2026-09-22 06:52:10Z" duration="0.000327" asserts="0">
          <properties>
            <property name="retryIteration" value="0" />
            <property name="repeatIteration" value="0" />
          </properties>
          <failure>
            <message><![CDATA[SetUp : System.InvalidOperationException : Invalid game content: Stage s_1_1: missing waves.]]></message>
            <stack-trace><![CDATA[--SetUp
  at GameDataValidator.Require (System.Boolean condition, System.String message) [0x00014] in C:\Users\naisi\Desktop\FunGuy\FunGuy's\Assets\_Game\Scripts\Data\GameDataValidator.cs:188 
  at GameDataValidator.Validate (CharactersFile characters, SkillsFile skills, StagesFile stages, BannersFile banners, StatRulesCatalog statRules) [0x006d1] in C:\Users\naisi\Desktop\FunGuy\FunGuy's\Assets\_Game\Scripts\Data\GameDataValidator.cs:63 
  at UnityContentCatalogLoader.LoadInto (GameData data, ContentCatalogAsset asset) [0x00048] in C:\Users\naisi\Desktop\FunGuy\FunGuy's\Assets\_Game\Scripts\Data\UnityContentCatalogLoader.cs:26 
  at GameData.LoadAll () [0x00009] in C:\Users\naisi\Desktop\FunGuy\FunGuy's\Assets\_Game\Scripts\Data\GameData.cs:17 
  at UpgradeServiceTests.Setup () [0x0000b] in C:\Users\naisi\Desktop\FunGuy\FunGuy's\Assets\_Game\Tests\EditMode\UpgradeServiceTests.cs:27 
  at (wrapper managed-to-native) System.Reflection.RuntimeMethodInfo.InternalInvoke(System.Reflection.RuntimeMethodInfo,object,object[],System.Exception&)
  at System.Reflection.RuntimeMethodInfo.Invoke (System.Object obj, System.Reflection.BindingFlags invokeAttr, System.Reflection.Binder binder, System.Object[] parameters, System.Globalization.CultureInfo culture) [0x0006a] in <1eb9db207454431c84a47bcd81e79c37>:0 ]]></stack-trace>
          </failure>
        </test-case>
        <test-case id="1135" name="Commit_RereadsWalletAndPreservesInterveningRewardsAndFormation" fullname="UpgradeServiceTests.Commit_RereadsWalletAndPreservesInterveningRewardsAndFormation" methodname="Commit_RereadsWalletAndPreservesInterveningRewardsAndFormation" classname="UpgradeServiceTests" runstate="Runnable" seed="1237824225" result="Failed" label="Error" start-time="2026-09-22 06:52:10Z" end-time="2026-09-22 06:52:10Z" duration="0.000325" asserts="0">
          <properties>
            <property name="retryIteration" value="0" />
            <property name="repeatIteration" value="0" />
          </properties>
          <failure>
            <message><![CDATA[SetUp : System.InvalidOperationException : Invalid game content: Stage s_1_1: missing waves.]]></message>
            <stack-trace><![CDATA[--SetUp
  at GameDataValidator.Require (System.Boolean condition, System.String message) [0x00014] in C:\Users\naisi\Desktop\FunGuy\FunGuy's\Assets\_Game\Scripts\Data\GameDataValidator.cs:188 
  at GameDataValidator.Validate (CharactersFile characters, SkillsFile skills, StagesFile stages, BannersFile banners, StatRulesCatalog statRules) [0x006d1] in C:\Users\naisi\Desktop\FunGuy\FunGuy's\Assets\_Game\Scripts\Data\GameDataValidator.cs:63 
  at UnityContentCatalogLoader.LoadInto (GameData data, ContentCatalogAsset asset) [0x00048] in C:\Users\naisi\Desktop\FunGuy\FunGuy's\Assets\_Game\Scripts\Data\UnityContentCatalogLoader.cs:26 
  at GameData.LoadAll () [0x00009] in C:\Users\naisi\Desktop\FunGuy\FunGuy's\Assets\_Game\Scripts\Data\GameData.cs:17 
  at UpgradeServiceTests.Setup () [0x0000b] in C:\Users\naisi\Desktop\FunGuy\FunGuy's\Assets\_Game\Tests\EditMode\UpgradeServiceTests.cs:27 
  at (wrapper managed-to-native) System.Reflection.RuntimeMethodInfo.InternalInvoke(System.Reflection.RuntimeMethodInfo,object,object[],System.Exception&)
  at System.Reflection.RuntimeMethodInfo.Invoke (System.Object obj, System.Reflection.BindingFlags invokeAttr, System.Reflection.Binder binder, System.Object[] parameters, System.Globalization.CultureInfo culture) [0x0006a] in <1eb9db207454431c84a47bcd81e79c37>:0 ]]></stack-trace>
          </failure>
        </test-case>
        <test-case id="1134" name="DuplicateOrStaleRequest_CannotBuyAnAdditionalLevel" fullname="UpgradeServiceTests.DuplicateOrStaleRequest_CannotBuyAnAdditionalLevel" methodname="DuplicateOrStaleRequest_CannotBuyAnAdditionalLevel" classname="UpgradeServiceTests" runstate="Runnable" seed="1469794951" result="Failed" label="Error" start-time="2026-09-22 06:52:10Z" end-time="2026-09-22 06:52:10Z" duration="0.000315" asserts="0">
          <properties>
            <property name="retryIteration" value="0" />
            <property name="repeatIteration" value="0" />
          </properties>
          <failure>
            <message><![CDATA[SetUp : System.InvalidOperationException : Invalid game content: Stage s_1_1: missing waves.]]></message>
            <stack-trace><![CDATA[--SetUp
  at GameDataValidator.Require (System.Boolean condition, System.String message) [0x00014] in C:\Users\naisi\Desktop\FunGuy\FunGuy's\Assets\_Game\Scripts\Data\GameDataValidator.cs:188 
  at GameDataValidator.Validate (CharactersFile characters, SkillsFile skills, StagesFile stages, BannersFile banners, StatRulesCatalog statRules) [0x006d1] in C:\Users\naisi\Desktop\FunGuy\FunGuy's\Assets\_Game\Scripts\Data\GameDataValidator.cs:63 
  at UnityContentCatalogLoader.LoadInto (GameData data, ContentCatalogAsset asset) [0x00048] in C:\Users\naisi\Desktop\FunGuy\FunGuy's\Assets\_Game\Scripts\Data\UnityContentCatalogLoader.cs:26 
  at GameData.LoadAll () [0x00009] in C:\Users\naisi\Desktop\FunGuy\FunGuy's\Assets\_Game\Scripts\Data\GameData.cs:17 
  at UpgradeServiceTests.Setup () [0x0000b] in C:\Users\naisi\Desktop\FunGuy\FunGuy's\Assets\_Game\Tests\EditMode\UpgradeServiceTests.cs:27 
  at (wrapper managed-to-native) System.Reflection.RuntimeMethodInfo.InternalInvoke(System.Reflection.RuntimeMethodInfo,object,object[],System.Exception&)
  at System.Reflection.RuntimeMethodInfo.Invoke (System.Object obj, System.Reflection.BindingFlags invokeAttr, System.Reflection.Binder binder, System.Object[] parameters, System.Globalization.CultureInfo culture) [0x0006a] in <1eb9db207454431c84a47bcd81e79c37>:0 ]]></stack-trace>
          </failure>
        </test-case>
        <test-case id="1133" name="LevelUp_UsesSharedStatsAndCommitsOnlyLevelAndGold" fullname="UpgradeServiceTests.LevelUp_UsesSharedStatsAndCommitsOnlyLevelAndGold" methodname="LevelUp_UsesSharedStatsAndCommitsOnlyLevelAndGold" classname="UpgradeServiceTests" runstate="Runnable" seed="1682383217" result="Failed" label="Error" start-time="2026-09-22 06:52:10Z" end-time="2026-09-22 06:52:10Z" duration="0.000332" asserts="0">
          <properties>
            <property name="retryIteration" value="0" />
            <property name="repeatIteration" value="0" />
          </properties>
          <failure>
            <message><![CDATA[SetUp : System.InvalidOperationException : Invalid game content: Stage s_1_1: missing waves.]]></message>
            <stack-trace><![CDATA[--SetUp
  at GameDataValidator.Require (System.Boolean condition, System.String message) [0x00014] in C:\Users\naisi\Desktop\FunGuy\FunGuy's\Assets\_Game\Scripts\Data\GameDataValidator.cs:188 
  at GameDataValidator.Validate (CharactersFile characters, SkillsFile skills, StagesFile stages, BannersFile banners, StatRulesCatalog statRules) [0x006d1] in C:\Users\naisi\Desktop\FunGuy\FunGuy's\Assets\_Game\Scripts\Data\GameDataValidator.cs:63 
  at UnityContentCatalogLoader.LoadInto (GameData data, ContentCatalogAsset asset) [0x00048] in C:\Users\naisi\Desktop\FunGuy\FunGuy's\Assets\_Game\Scripts\Data\UnityContentCatalogLoader.cs:26 
  at GameData.LoadAll () [0x00009] in C:\Users\naisi\Desktop\FunGuy\FunGuy's\Assets\_Game\Scripts\Data\GameData.cs:17 
  at UpgradeServiceTests.Setup () [0x0000b] in C:\Users\naisi\Desktop\FunGuy\FunGuy's\Assets\_Game\Tests\EditMode\UpgradeServiceTests.cs:27 
  at (wrapper managed-to-native) System.Reflection.RuntimeMethodInfo.InternalInvoke(System.Reflection.RuntimeMethodInfo,object,object[],System.Exception&)
  at System.Reflection.RuntimeMethodInfo.Invoke (System.Object obj, System.Reflection.BindingFlags invokeAttr, System.Reflection.Binder binder, System.Object[] parameters, System.Globalization.CultureInfo culture) [0x0006a] in <1eb9db207454431c84a47bcd81e79c37>:0 ]]></stack-trace>
          </failure>
        </test-case>
        <test-case id="1138" name="MissingDuplicateAndInvalidOwnedState_CannotSpend" fullname="UpgradeServiceTests.MissingDuplicateAndInvalidOwnedState_CannotSpend" methodname="MissingDuplicateAndInvalidOwnedState_CannotSpend" classname="UpgradeServiceTests" runstate="Runnable" seed="291630410" result="Failed" label="Error" start-time="2026-09-22 06:52:10Z" end-time="2026-09-22 06:52:10Z" duration="0.000312" asserts="0">
          <properties>
            <property name="retryIteration" value="0" />
            <property name="repeatIteration" value="0" />
          </properties>
          <failure>
            <message><![CDATA[SetUp : System.InvalidOperationException : Invalid game content: Stage s_1_1: missing waves.]]></message>
            <stack-trace><![CDATA[--SetUp
  at GameDataValidator.Require (System.Boolean condition, System.String message) [0x00014] in C:\Users\naisi\Desktop\FunGuy\FunGuy's\Assets\_Game\Scripts\Data\GameDataValidator.cs:188 
  at GameDataValidator.Validate (CharactersFile characters, SkillsFile skills, StagesFile stages, BannersFile banners, StatRulesCatalog statRules) [0x006d1] in C:\Users\naisi\Desktop\FunGuy\FunGuy's\Assets\_Game\Scripts\Data\GameDataValidator.cs:63 
  at UnityContentCatalogLoader.LoadInto (GameData data, ContentCatalogAsset asset) [0x00048] in C:\Users\naisi\Desktop\FunGuy\FunGuy's\Assets\_Game\Scripts\Data\UnityContentCatalogLoader.cs:26 
  at GameData.LoadAll () [0x00009] in C:\Users\naisi\Desktop\FunGuy\FunGuy's\Assets\_Game\Scripts\Data\GameData.cs:17 
  at UpgradeServiceTests.Setup () [0x0000b] in C:\Users\naisi\Desktop\FunGuy\FunGuy's\Assets\_Game\Tests\EditMode\UpgradeServiceTests.cs:27 
  at (wrapper managed-to-native) System.Reflection.RuntimeMethodInfo.InternalInvoke(System.Reflection.RuntimeMethodInfo,object,object[],System.Exception&)
  at System.Reflection.RuntimeMethodInfo.Invoke (System.Object obj, System.Reflection.BindingFlags invokeAttr, System.Reflection.Binder binder, System.Object[] parameters, System.Globalization.CultureInfo culture) [0x0006a] in <1eb9db207454431c84a47bcd81e79c37>:0 ]]></stack-trace>
          </failure>
        </test-case>
        <test-case id="1136" name="UnaffordableAndFailedWrite_LeaveWholeSaveUntouchedAndAllowRetry" fullname="UpgradeServiceTests.UnaffordableAndFailedWrite_LeaveWholeSaveUntouchedAndAllowRetry" methodname="UnaffordableAndFailedWrite_LeaveWholeSaveUntouchedAndAllowRetry" classname="UpgradeServiceTests" runstate="Runnable" seed="113788872" result="Failed" label="Error" start-time="2026-09-22 06:52:10Z" end-time="2026-09-22 06:52:10Z" duration="0.000312" asserts="0">
          <properties>
            <property name="retryIteration" value="0" />
            <property name="repeatIteration" value="0" />
          </properties>
          <failure>
            <message><![CDATA[SetUp : System.InvalidOperationException : Invalid game content: Stage s_1_1: missing waves.]]></message>
            <stack-trace><![CDATA[--SetUp
  at GameDataValidator.Require (System.Boolean condition, System.String message) [0x00014] in C:\Users\naisi\Desktop\FunGuy\FunGuy's\Assets\_Game\Scripts\Data\GameDataValidator.cs:188 
  at GameDataValidator.Validate (CharactersFile characters, SkillsFile skills, StagesFile stages, BannersFile banners, StatRulesCatalog statRules) [0x006d1] in C:\Users\naisi\Desktop\FunGuy\FunGuy's\Assets\_Game\Scripts\Data\GameDataValidator.cs:63 
  at UnityContentCatalogLoader.LoadInto (GameData data, ContentCatalogAsset asset) [0x00048] in C:\Users\naisi\Desktop\FunGuy\FunGuy's\Assets\_Game\Scripts\Data\UnityContentCatalogLoader.cs:26 
  at GameData.LoadAll () [0x00009] in C:\Users\naisi\Desktop\FunGuy\FunGuy's\Assets\_Game\Scripts\Data\GameData.cs:17 
  at UpgradeServiceTests.Setup () [0x0000b] in C:\Users\naisi\Desktop\FunGuy\FunGuy's\Assets\_Game\Tests\EditMode\UpgradeServiceTests.cs:27 
  at (wrapper managed-to-native) System.Reflection.RuntimeMethodInfo.InternalInvoke(System.Reflection.RuntimeMethodInfo,object,object[],System.Exception&)
  at System.Reflection.RuntimeMethodInfo.Invoke (System.Object obj, System.Reflection.BindingFlags invokeAttr, System.Reflection.Binder binder, System.Object[] parameters, System.Globalization.CultureInfo culture) [0x0006a] in <1eb9db207454431c84a47bcd81e79c37>:0 ]]></stack-trace>
          </failure>
          <output><![CDATA[Saving results to: C:/Users/naisi/AppData/LocalLow/F&G Studios/FunGuy's\TestResults.xml
]]></output>
        </test-case>
      </test-suite>
    </test-suite>
  </test-suite>
</test-run>